/anaconda3/lib/python3.7/site-packages/visdom/server.py:30: DeprecationWarning: zmq.eventloop.ioloop is deprecated in pyzmq 17. pyzmq now works with default tornado and asyncio eventloops.
  ioloop.install()  # Needs to happen before any tornado imports!
INFO:root:Application Started
INFO:tornado.access:200 POST /env/poetry (::1) 1.46ms
INFO:tornado.access:200 GET / (::1) 36.01ms
INFO:tornado.access:200 GET /static/js/plotly-plotly.min.js?v=00dcca8ba45aab5f63dc7fc55a544d3d (::1) 100.52ms
INFO:tornado.access:101 GET /socket (::1) 0.82ms
INFO:root:Opened new socket from ip: ::1
INFO:tornado.access:304 GET /static/fonts/glyphicons-halflings-regular.woff2 (::1) 1.72ms
INFO:tornado.access:200 POST /env/main (::1) 1.07ms
INFO:tornado.access:200 POST /env/main (::1) 1.44ms
INFO:tornado.access:200 GET /favicon.png (::1) 4.86ms
INFO:tornado.access:200 GET /extensions/MathMenu.js?V=2.7.1 (::1) 4.81ms
INFO:tornado.access:200 GET /extensions/MathZoom.js?V=2.7.1 (::1) 4.35ms
INFO:tornado.access:304 GET / (::1) 29.81ms
INFO:tornado.access:101 GET /socket (::1) 2.02ms
INFO:root:Opened new socket from ip: ::1
INFO:tornado.access:200 POST /env/main (::1) 1.78ms
INFO:tornado.access:200 POST /env/main (::1) 1.36ms
INFO:tornado.access:304 GET /favicon.png (::1) 5.69ms
INFO:tornado.access:304 GET /extensions/MathMenu.js?V=2.7.1 (::1) 6.24ms
INFO:tornado.access:304 GET /extensions/MathZoom.js?V=2.7.1 (::1) 6.07ms
INFO:tornado.access:200 POST /env/poetry (::1) 0.49ms
INFO:tornado.access:304 GET / (::1) 13.97ms
INFO:tornado.access:101 GET /socket (::1) 1.95ms
INFO:root:Opened new socket from ip: ::1
INFO:tornado.access:200 POST /env/main (::1) 1.98ms
INFO:tornado.access:200 POST /env/main (::1) 1.13ms
INFO:tornado.access:304 GET /favicon.png (::1) 4.67ms
INFO:tornado.access:304 GET /extensions/MathMenu.js?V=2.7.1 (::1) 4.95ms
INFO:tornado.access:304 GET /extensions/MathZoom.js?V=2.7.1 (::1) 5.24ms
INFO:tornado.access:304 GET / (::1) 5.63ms
INFO:tornado.access:101 GET /socket (::1) 0.97ms
INFO:root:Opened new socket from ip: ::1
INFO:tornado.access:200 POST /env/main (::1) 1.13ms
INFO:tornado.access:200 POST /env/main (::1) 1.20ms
INFO:tornado.access:304 GET /favicon.png (::1) 5.21ms
INFO:tornado.access:304 GET /extensions/MathMenu.js?V=2.7.1 (::1) 5.07ms
INFO:tornado.access:304 GET /extensions/MathZoom.js?V=2.7.1 (::1) 4.81ms
INFO:tornado.access:200 POST /events (::1) 1.11ms
INFO:tornado.access:200 POST /env/poetry (::1) 0.54ms
INFO:tornado.access:304 GET / (::1) 7.19ms
INFO:tornado.access:101 GET /socket (::1) 1.48ms
INFO:root:Opened new socket from ip: ::1
INFO:tornado.access:200 POST /env/main (::1) 1.19ms
INFO:tornado.access:200 POST /env/main (::1) 1.57ms
INFO:tornado.access:304 GET /favicon.png (::1) 4.34ms
INFO:tornado.access:304 GET /extensions/MathMenu.js?V=2.7.1 (::1) 4.40ms
INFO:tornado.access:304 GET /extensions/MathZoom.js?V=2.7.1 (::1) 5.45ms
INFO:tornado.access:200 POST /events (::1) 6.28ms
INFO:tornado.access:200 POST /env/main (::1) 0.74ms
INFO:tornado.access:101 GET /vis_socket (::1) 1.33ms
INFO:root:Opened visdom socket from ip: ::1
INFO:tornado.access:200 POST /events (::1) 1.07ms
INFO:tornado.access:304 GET / (::1) 5.35ms
INFO:tornado.access:101 GET /socket (::1) 1.90ms
INFO:root:Opened new socket from ip: ::1
INFO:tornado.access:304 GET /static/fonts/glyphicons-halflings-regular.woff2 (::1) 2.72ms
INFO:tornado.access:200 POST /env/main (::1) 1.13ms
INFO:tornado.access:200 POST /env/main (::1) 1.63ms
INFO:tornado.access:304 GET /favicon.png (::1) 4.02ms
INFO:tornado.access:304 GET /extensions/MathMenu.js?V=2.7.1 (::1) 3.09ms
INFO:tornado.access:304 GET /extensions/MathZoom.js?V=2.7.1 (::1) 3.12ms
INFO:tornado.access:200 POST /env/poetry (::1) 0.51ms
INFO:tornado.access:200 POST /events (::1) 6.65ms
INFO:tornado.access:200 POST /events (::1) 1.24ms
INFO:tornado.access:200 POST /events (::1) 0.68ms
INFO:tornado.access:200 POST /env/poetry (::1) 0.70ms
INFO:tornado.access:200 POST /events (::1) 0.75ms
INFO:tornado.access:200 POST /events (::1) 0.93ms
INFO:tornado.access:200 POST /events (::1) 0.64ms
INFO:tornado.access:304 GET / (::1) 14.13ms
INFO:tornado.access:304 GET /static/fonts/glyphicons-halflings-regular.woff2 (::1) 1.69ms
INFO:tornado.access:101 GET /socket (::1) 1.01ms
INFO:root:Opened new socket from ip: ::1
INFO:tornado.access:200 POST /env/main (::1) 1.42ms
INFO:tornado.access:200 POST /env/main (::1) 1.62ms
INFO:tornado.access:304 GET /favicon.png (::1) 6.02ms
INFO:tornado.access:304 GET /extensions/MathMenu.js?V=2.7.1 (::1) 7.59ms
INFO:tornado.access:304 GET /extensions/MathZoom.js?V=2.7.1 (::1) 225.62ms
INFO:tornado.access:304 GET / (::1) 8.74ms
INFO:tornado.access:101 GET /socket (::1) 1.11ms
INFO:root:Opened new socket from ip: ::1
INFO:tornado.access:200 POST /env/main (::1) 1.13ms
INFO:tornado.access:200 POST /env/main (::1) 1.35ms
INFO:tornado.access:304 GET /favicon.png (::1) 9.78ms
INFO:tornado.access:304 GET /extensions/MathMenu.js?V=2.7.1 (::1) 5.11ms
INFO:tornado.access:304 GET /extensions/MathZoom.js?V=2.7.1 (::1) 5.36ms
/anaconda3/lib/python3.7/site-packages/visdom/server.py:30: DeprecationWarning: zmq.eventloop.ioloop is deprecated in pyzmq 17. pyzmq now works with default tornado and asyncio eventloops.
  ioloop.install()  # Needs to happen before any tornado imports!
Traceback (most recent call last):
  File "/anaconda3/lib/python3.7/runpy.py", line 193, in _run_module_as_main
    "__main__", mod_spec)
  File "/anaconda3/lib/python3.7/runpy.py", line 85, in _run_code
    exec(code, run_globals)
  File "/anaconda3/lib/python3.7/site-packages/visdom/server.py", line 1308, in <module>
    download_scripts_and_run()
  File "/anaconda3/lib/python3.7/site-packages/visdom/server.py", line 1304, in download_scripts_and_run
    main()
  File "/anaconda3/lib/python3.7/site-packages/visdom/server.py", line 1299, in main
    print_func=print_func, user_credential=user_credential)
  File "/anaconda3/lib/python3.7/site-packages/visdom/server.py", line 1219, in start_server
    app.listen(port, max_buffer_size=1024 ** 3)
  File "/anaconda3/lib/python3.7/site-packages/tornado/web.py", line 2112, in listen
    server.listen(port, address)
  File "/anaconda3/lib/python3.7/site-packages/tornado/tcpserver.py", line 151, in listen
    sockets = bind_sockets(port, address=address)
  File "/anaconda3/lib/python3.7/site-packages/tornado/netutil.py", line 174, in bind_sockets
    sock.bind(sockaddr)
OSError: [Errno 48] Address already in use
Checking for scripts.
It's Alive!
INFO:tornado.access:200 POST /env/poetry (::1) 0.77ms
INFO:tornado.access:304 GET / (::1) 8.06ms
INFO:tornado.access:101 GET /socket (::1) 1.40ms
INFO:root:Opened new socket from ip: ::1
INFO:tornado.access:200 POST /env/main (::1) 2.42ms
INFO:tornado.access:200 POST /env/main (::1) 1.52ms
INFO:tornado.access:304 GET /favicon.png (::1) 6.61ms
INFO:tornado.access:304 GET /extensions/MathMenu.js?V=2.7.1 (::1) 5.06ms
INFO:tornado.access:304 GET /extensions/MathZoom.js?V=2.7.1 (::1) 4.71ms
INFO:root:comparing envs
INFO:tornado.access:200 POST /compare/main+poetry (::1) 24.90ms
INFO:tornado.access:200 POST /env/poetry (::1) 1.76ms
INFO:root:from web client: {"cmd":"close","data":"origin_poem","eid":"poetry"}
INFO:root:closing window origin_poem
INFO:tornado.access:200 POST /env/poetry (::1) 0.64ms
INFO:tornado.access:304 GET / (::1) 5.97ms
INFO:tornado.access:101 GET /socket (::1) 0.67ms
INFO:root:Opened new socket from ip: ::1
INFO:tornado.access:200 POST /env/poetry (::1) 1.93ms
INFO:tornado.access:200 POST /env/poetry (::1) 2.52ms
INFO:tornado.access:304 GET /favicon.png (::1) 4.07ms
INFO:tornado.access:304 GET /extensions/MathMenu.js?V=2.7.1 (::1) 5.96ms
INFO:tornado.access:304 GET /extensions/MathZoom.js?V=2.7.1 (::1) 6.97ms
INFO:tornado.access:200 POST /env/poetry (::1) 1.52ms
INFO:root:comparing envs
INFO:tornado.access:200 POST /compare/main+poetry (::1) 1.67ms
INFO:tornado.access:200 POST /env/poetry (::1) 1.93ms
INFO:tornado.access:304 GET / (::1) 28.27ms
INFO:tornado.access:101 GET /socket (::1) 1.95ms
INFO:root:Opened new socket from ip: ::1
INFO:tornado.access:200 POST /env/poetry (::1) 3.03ms
INFO:tornado.access:200 POST /env/poetry (::1) 1.78ms
INFO:tornado.access:304 GET /favicon.png (::1) 6.04ms
INFO:tornado.access:200 POST /events (::1) 1.30ms
INFO:tornado.access:200 POST /events (::1) 1.23ms
INFO:tornado.access:304 GET /extensions/MathMenu.js?V=2.7.1 (::1) 6.63ms
INFO:tornado.access:304 GET /extensions/MathZoom.js?V=2.7.1 (::1) 99.24ms
INFO:tornado.access:200 POST /events (::1) 0.82ms
INFO:tornado.access:304 GET / (::1) 4.30ms
INFO:tornado.access:101 GET /socket (::1) 1.21ms
INFO:root:Opened new socket from ip: ::1
INFO:tornado.access:200 POST /env/poetry (::1) 1.82ms
INFO:tornado.access:200 POST /env/poetry (::1) 2.04ms
INFO:tornado.access:304 GET /favicon.png (::1) 4.94ms
INFO:tornado.access:304 GET /extensions/MathMenu.js?V=2.7.1 (::1) 13.57ms
INFO:tornado.access:304 GET /extensions/MathZoom.js?V=2.7.1 (::1) 8.46ms
INFO:root:from web client: {"cmd":"forward_to_vis","data":{"target":"origin_poem","eid":"poetry","event_type":"KeyPress","key":"Meta","key_code":91}}
INFO:root:from web client: {"cmd":"forward_to_vis","data":{"target":"origin_poem","eid":"poetry","event_type":"KeyPress","key":"Meta","key_code":91}}
INFO:root:from web client: {"cmd":"forward_to_vis","data":{"target":"origin_poem","eid":"poetry","event_type":"KeyPress","key":"Meta","key_code":91}}
INFO:tornado.access:304 GET / (::1) 7.23ms
INFO:tornado.access:101 GET /socket (::1) 0.93ms
INFO:root:Opened new socket from ip: ::1
INFO:tornado.access:200 POST /env/poetry (::1) 1.68ms
INFO:tornado.access:200 POST /env/poetry (::1) 2.50ms
INFO:tornado.access:304 GET /favicon.png (::1) 5.58ms
INFO:tornado.access:304 GET /extensions/MathMenu.js?V=2.7.1 (::1) 8.38ms
INFO:tornado.access:304 GET /extensions/MathZoom.js?V=2.7.1 (::1) 11.02ms
INFO:tornado.access:304 GET / (::1) 5.74ms
INFO:tornado.access:101 GET /socket (::1) 1.07ms
INFO:root:Opened new socket from ip: ::1
INFO:tornado.access:200 POST /env/poetry (::1) 2.20ms
INFO:tornado.access:200 POST /env/poetry (::1) 2.02ms
INFO:tornado.access:304 GET /favicon.png (::1) 7.64ms
INFO:tornado.access:304 GET /extensions/MathMenu.js?V=2.7.1 (::1) 11.33ms
INFO:tornado.access:304 GET /extensions/MathZoom.js?V=2.7.1 (::1) 9.95ms
INFO:tornado.access:200 POST /win_exists (::1) 12.64ms
INFO:tornado.access:200 POST /update (::1) 8.36ms
INFO:tornado.access:200 POST /events (::1) 2.17ms
INFO:tornado.access:200 POST /events (::1) 1.62ms
INFO:tornado.access:304 GET / (::1) 17.68ms
INFO:tornado.access:101 GET /socket (::1) 1.82ms
INFO:root:Opened new socket from ip: ::1
INFO:tornado.access:200 POST /env/poetry (::1) 2.57ms
INFO:tornado.access:200 POST /env/poetry (::1) 2.30ms
INFO:tornado.access:304 GET /favicon.png (::1) 5.05ms
INFO:tornado.access:304 GET /extensions/MathMenu.js?V=2.7.1 (::1) 6.02ms
INFO:tornado.access:304 GET /extensions/MathZoom.js?V=2.7.1 (::1) 8.81ms
INFO:tornado.access:200 POST /win_exists (::1) 0.68ms
INFO:tornado.access:200 POST /update (::1) 0.92ms
INFO:tornado.access:200 POST /events (::1) 1.58ms
INFO:tornado.access:200 POST /events (::1) 0.86ms
INFO:tornado.access:200 POST /win_exists (::1) 0.63ms
INFO:tornado.access:200 POST /update (::1) 0.71ms
INFO:tornado.access:200 POST /events (::1) 1.30ms
INFO:tornado.access:200 POST /events (::1) 0.78ms
INFO:tornado.access:200 POST /win_exists (::1) 5.46ms
INFO:tornado.access:200 POST /update (::1) 1.63ms
INFO:tornado.access:200 POST /events (::1) 2.08ms
INFO:tornado.access:200 POST /events (::1) 1.10ms
INFO:tornado.access:200 POST /win_exists (::1) 0.84ms
INFO:tornado.access:200 POST /update (::1) 1.27ms
INFO:tornado.access:200 POST /events (::1) 1.13ms
INFO:tornado.access:200 POST /events (::1) 2.17ms
INFO:tornado.access:200 POST /win_exists (::1) 5.48ms
INFO:tornado.access:200 POST /update (::1) 1.83ms
INFO:tornado.access:200 POST /events (::1) 2.40ms
INFO:tornado.access:200 POST /events (::1) 0.79ms
INFO:tornado.access:200 POST /win_exists (::1) 5.28ms
INFO:tornado.access:200 POST /update (::1) 0.77ms
INFO:tornado.access:200 POST /events (::1) 1.65ms
INFO:tornado.access:200 POST /events (::1) 0.67ms
INFO:tornado.access:200 POST /win_exists (::1) 0.63ms
INFO:tornado.access:200 POST /update (::1) 0.65ms
INFO:tornado.access:200 POST /events (::1) 0.86ms
INFO:tornado.access:200 POST /events (::1) 0.63ms
INFO:tornado.access:200 POST /win_exists (::1) 0.84ms
INFO:tornado.access:200 POST /update (::1) 0.68ms
INFO:tornado.access:200 POST /events (::1) 0.95ms
INFO:tornado.access:304 GET / (::1) 15.07ms
INFO:tornado.access:304 GET /static/fonts/glyphicons-halflings-regular.woff2 (::1) 7.83ms
INFO:tornado.access:101 GET /socket (::1) 1.37ms
INFO:root:Opened new socket from ip: ::1
INFO:tornado.access:200 POST /env/poetry (::1) 3.40ms
INFO:tornado.access:200 POST /env/poetry (::1) 2.04ms
INFO:tornado.access:304 GET /favicon.png (::1) 6.81ms
INFO:tornado.access:200 POST /events (::1) 1.00ms
INFO:tornado.access:304 GET /extensions/MathMenu.js?V=2.7.1 (::1) 5.17ms
INFO:tornado.access:304 GET /extensions/MathZoom.js?V=2.7.1 (::1) 9.42ms
INFO:tornado.access:200 POST /win_exists (::1) 0.59ms
INFO:tornado.access:200 POST /update (::1) 0.94ms
INFO:tornado.access:200 POST /events (::1) 3.47ms
INFO:tornado.access:200 POST /events (::1) 0.74ms
INFO:tornado.access:200 POST /win_exists (::1) 0.47ms
INFO:tornado.access:200 POST /update (::1) 0.68ms
INFO:tornado.access:200 POST /events (::1) 0.91ms
INFO:tornado.access:200 POST /events (::1) 0.74ms
INFO:tornado.access:200 POST /win_exists (::1) 0.75ms
INFO:tornado.access:200 POST /update (::1) 1.02ms
INFO:tornado.access:200 POST /events (::1) 2.20ms
INFO:tornado.access:200 POST /events (::1) 1.03ms
INFO:tornado.access:304 GET / (::1) 16.38ms
INFO:tornado.access:101 GET /socket (::1) 3.18ms
INFO:root:Opened new socket from ip: ::1
INFO:tornado.access:200 POST /env/poetry (::1) 2.37ms
INFO:tornado.access:200 POST /env/poetry (::1) 1.98ms
INFO:tornado.access:304 GET /favicon.png (::1) 5.70ms
INFO:tornado.access:304 GET /extensions/MathMenu.js?V=2.7.1 (::1) 11.67ms
INFO:tornado.access:304 GET /extensions/MathZoom.js?V=2.7.1 (::1) 13.06ms
INFO:tornado.access:200 POST /env/poetry (::1) 0.64ms
INFO:tornado.access:200 POST /env/poetry (::1) 0.81ms
INFO:tornado.access:200 POST /env/poetry (::1) 4.31ms
INFO:tornado.access:200 POST /env/poetry (::1) 3.51ms
INFO:tornado.access:200 POST /events (::1) 1.99ms
INFO:tornado.access:200 POST /env/poetry (::1) 0.63ms
INFO:tornado.access:304 GET / (::1) 51.06ms
INFO:tornado.access:304 GET /static/fonts/glyphicons-halflings-regular.woff2 (::1) 1.83ms
INFO:tornado.access:101 GET /socket (::1) 3.17ms
INFO:root:Opened new socket from ip: ::1
INFO:tornado.access:200 POST /env/poetry (::1) 2.69ms
INFO:tornado.access:200 POST /env/poetry (::1) 3.41ms
INFO:tornado.access:304 GET /favicon.png (::1) 8.08ms
INFO:tornado.access:304 GET /extensions/MathMenu.js?V=2.7.1 (::1) 9.01ms
INFO:tornado.access:304 GET /extensions/MathZoom.js?V=2.7.1 (::1) 14.23ms
INFO:tornado.access:304 GET / (::1) 8.50ms
INFO:tornado.access:101 GET /socket (::1) 0.90ms
INFO:root:Opened new socket from ip: ::1
INFO:tornado.access:200 POST /env/poetry (::1) 4.97ms
INFO:tornado.access:200 POST /env/poetry (::1) 3.53ms
INFO:tornado.access:304 GET /favicon.png (::1) 6.07ms
INFO:tornado.access:304 GET /extensions/MathMenu.js?V=2.7.1 (::1) 6.48ms
INFO:tornado.access:304 GET /extensions/MathZoom.js?V=2.7.1 (::1) 12.16ms
INFO:tornado.access:200 POST /events (::1) 10.05ms
INFO:tornado.access:200 POST /events (::1) 4.91ms
INFO:tornado.access:304 GET / (::1) 13.37ms
INFO:tornado.access:101 GET /socket (::1) 1.15ms
INFO:root:Opened new socket from ip: ::1
INFO:tornado.access:200 POST /env/poetry (::1) 2.26ms
INFO:tornado.access:200 POST /env/poetry (::1) 1.92ms
INFO:tornado.access:200 GET /favicon.png (::1) 5.28ms
INFO:tornado.access:200 POST /events (::1) 0.80ms
INFO:tornado.access:304 GET /extensions/MathMenu.js?V=2.7.1 (::1) 7.38ms
INFO:tornado.access:304 GET /extensions/MathZoom.js?V=2.7.1 (::1) 7.53ms
INFO:tornado.access:304 GET / (::1) 6.78ms
INFO:tornado.access:101 GET /socket (::1) 1.29ms
INFO:root:Opened new socket from ip: ::1
INFO:tornado.access:200 POST /env/poetry (::1) 2.89ms
INFO:tornado.access:200 POST /env/poetry (::1) 2.12ms
INFO:tornado.access:304 GET /favicon.png (::1) 7.71ms
INFO:tornado.access:304 GET /extensions/MathMenu.js?V=2.7.1 (::1) 8.52ms
INFO:tornado.access:304 GET /extensions/MathZoom.js?V=2.7.1 (::1) 6.11ms
INFO:tornado.access:304 GET / (::1) 6.54ms
INFO:tornado.access:101 GET /socket (::1) 0.70ms
INFO:root:Opened new socket from ip: ::1
INFO:tornado.access:200 POST /env/poetry (::1) 2.28ms
INFO:tornado.access:200 POST /env/poetry (::1) 2.08ms
INFO:tornado.access:304 GET /favicon.png (::1) 6.64ms
INFO:tornado.access:304 GET /extensions/MathMenu.js?V=2.7.1 (::1) 10.05ms
INFO:tornado.access:304 GET /extensions/MathZoom.js?V=2.7.1 (::1) 3.74ms
INFO:tornado.access:200 POST /win_exists (::1) 2.63ms
INFO:tornado.access:200 POST /update (::1) 2.35ms
INFO:tornado.access:200 POST /events (::1) 3.84ms
INFO:tornado.access:200 POST /events (::1) 0.98ms
INFO:tornado.access:200 POST /env/poetry (::1) 3.08ms
INFO:tornado.access:200 POST /events (::1) 3.19ms
INFO:tornado.access:200 POST /events (::1) 1.75ms
INFO:tornado.access:200 POST /events (::1) 1.01ms
INFO:tornado.access:200 POST /env/poetry (::1) 3.73ms
INFO:tornado.access:200 POST /env/poetry (::1) 3.89ms
INFO:tornado.access:200 POST /env/poetry (::1) 0.46ms
INFO:tornado.access:200 POST /env/poetry (::1) 0.44ms
INFO:tornado.access:200 POST /events (::1) 1.62ms
INFO:tornado.access:200 POST /events (::1) 1.20ms
INFO:tornado.access:200 POST /events (::1) 0.66ms
INFO:tornado.access:200 POST /win_exists (::1) 0.62ms
INFO:tornado.access:200 POST /update (::1) 0.60ms
INFO:tornado.access:200 POST /events (::1) 1.02ms
INFO:tornado.access:200 POST /events (::1) 0.61ms
INFO:tornado.access:200 POST /win_exists (::1) 0.57ms
INFO:tornado.access:200 POST /update (::1) 0.59ms
INFO:tornado.access:200 POST /events (::1) 0.81ms
INFO:tornado.access:200 POST /events (::1) 0.63ms
INFO:tornado.access:200 POST /win_exists (::1) 0.47ms
INFO:tornado.access:200 POST /update (::1) 0.66ms
INFO:tornado.access:200 POST /events (::1) 0.89ms
INFO:tornado.access:200 POST /events (::1) 0.64ms
INFO:tornado.access:200 POST /win_exists (::1) 0.63ms
INFO:tornado.access:200 POST /update (::1) 0.47ms
INFO:tornado.access:200 POST /events (::1) 0.78ms
INFO:tornado.access:200 POST /events (::1) 0.51ms
INFO:tornado.access:200 POST /win_exists (::1) 0.74ms
INFO:tornado.access:200 POST /update (::1) 0.76ms
INFO:tornado.access:200 POST /events (::1) 2.06ms
INFO:tornado.access:200 POST /events (::1) 0.51ms
INFO:tornado.access:200 POST /win_exists (::1) 0.69ms
INFO:tornado.access:200 POST /update (::1) 0.57ms
INFO:tornado.access:200 POST /events (::1) 0.85ms
INFO:tornado.access:200 POST /events (::1) 0.57ms
INFO:tornado.access:200 POST /win_exists (::1) 0.47ms
INFO:tornado.access:200 POST /update (::1) 0.48ms
INFO:tornado.access:200 POST /events (::1) 0.76ms
INFO:tornado.access:200 POST /events (::1) 0.65ms
INFO:tornado.access:200 POST /win_exists (::1) 0.80ms
INFO:tornado.access:200 POST /update (::1) 0.66ms
INFO:tornado.access:200 POST /events (::1) 1.51ms
INFO:tornado.access:200 POST /events (::1) 0.56ms
INFO:tornado.access:200 POST /win_exists (::1) 5.09ms
INFO:tornado.access:200 POST /update (::1) 0.56ms
INFO:tornado.access:200 POST /events (::1) 2.34ms
INFO:tornado.access:200 POST /events (::1) 10.64ms
INFO:tornado.access:200 POST /win_exists (::1) 0.63ms
INFO:tornado.access:200 POST /update (::1) 0.66ms
INFO:tornado.access:200 POST /events (::1) 2.30ms
INFO:tornado.access:200 POST /events (::1) 0.52ms
INFO:tornado.access:200 POST /win_exists (::1) 0.58ms
INFO:tornado.access:200 POST /update (::1) 0.59ms
INFO:tornado.access:200 POST /events (::1) 0.82ms
INFO:tornado.access:200 POST /events (::1) 1.00ms
INFO:tornado.access:200 POST /win_exists (::1) 0.57ms
INFO:tornado.access:200 POST /update (::1) 0.70ms
INFO:tornado.access:200 POST /events (::1) 1.84ms
INFO:tornado.access:200 POST /events (::1) 0.52ms
INFO:tornado.access:200 POST /win_exists (::1) 0.58ms
INFO:tornado.access:200 POST /update (::1) 0.62ms
INFO:tornado.access:200 POST /events (::1) 2.19ms
INFO:tornado.access:200 POST /events (::1) 0.51ms
INFO:tornado.access:200 POST /win_exists (::1) 0.63ms
INFO:tornado.access:200 POST /update (::1) 0.50ms
INFO:tornado.access:200 POST /events (::1) 0.84ms
INFO:tornado.access:200 POST /events (::1) 8.69ms
INFO:tornado.access:200 POST /win_exists (::1) 0.61ms
INFO:tornado.access:200 POST /update (::1) 0.59ms
INFO:tornado.access:200 POST /events (::1) 0.82ms
INFO:tornado.access:200 POST /events (::1) 0.51ms
INFO:tornado.access:200 POST /win_exists (::1) 5.10ms
INFO:tornado.access:200 POST /update (::1) 0.59ms
INFO:tornado.access:200 POST /events (::1) 0.86ms
INFO:tornado.access:200 POST /events (::1) 0.69ms
INFO:tornado.access:200 POST /win_exists (::1) 0.47ms
INFO:tornado.access:200 POST /update (::1) 1.74ms
INFO:tornado.access:200 POST /events (::1) 0.78ms
INFO:tornado.access:200 POST /events (::1) 0.82ms
INFO:tornado.access:200 POST /win_exists (::1) 1.10ms
INFO:tornado.access:200 POST /update (::1) 3.09ms
INFO:tornado.access:200 POST /events (::1) 1.22ms
INFO:tornado.access:200 POST /events (::1) 0.66ms
INFO:tornado.access:200 POST /win_exists (::1) 0.60ms
INFO:tornado.access:200 POST /update (::1) 0.68ms
INFO:tornado.access:200 POST /events (::1) 0.78ms
INFO:tornado.access:200 POST /events (::1) 0.69ms
INFO:tornado.access:304 GET / (::1) 34.86ms
INFO:tornado.access:101 GET /socket (::1) 2.81ms
INFO:root:Opened new socket from ip: ::1
INFO:tornado.access:304 GET /static/fonts/glyphicons-halflings-regular.woff2 (::1) 3.19ms
INFO:tornado.access:200 POST /env/poetry (::1) 2.37ms
INFO:tornado.access:200 POST /env/poetry (::1) 1.68ms
INFO:tornado.access:304 GET /favicon.png (::1) 8.13ms
INFO:tornado.access:304 GET /extensions/MathMenu.js?V=2.7.1 (::1) 8.30ms
INFO:tornado.access:304 GET /extensions/MathZoom.js?V=2.7.1 (::1) 9.05ms
INFO:tornado.access:200 POST /win_exists (::1) 4.77ms
INFO:tornado.access:200 POST /update (::1) 2.17ms
INFO:tornado.access:200 POST /events (::1) 0.92ms
INFO:tornado.access:200 POST /events (::1) 1.09ms
INFO:tornado.access:200 POST /win_exists (::1) 0.58ms
INFO:tornado.access:200 POST /update (::1) 0.66ms
INFO:tornado.access:200 POST /events (::1) 1.12ms
INFO:tornado.access:200 POST /events (::1) 1.76ms
INFO:tornado.access:200 POST /win_exists (::1) 6.59ms
INFO:tornado.access:200 POST /update (::1) 3.03ms
INFO:tornado.access:200 POST /events (::1) 4.07ms
INFO:tornado.access:200 POST /events (::1) 0.77ms
INFO:tornado.access:200 POST /win_exists (::1) 5.74ms
INFO:tornado.access:200 POST /update (::1) 2.09ms
INFO:tornado.access:200 POST /events (::1) 8.98ms
INFO:tornado.access:200 POST /events (::1) 0.92ms
INFO:tornado.access:200 POST /win_exists (::1) 0.68ms
INFO:tornado.access:200 POST /update (::1) 1.13ms
INFO:tornado.access:200 POST /events (::1) 2.54ms
INFO:tornado.access:200 POST /events (::1) 2.96ms
INFO:tornado.access:200 POST /win_exists (::1) 5.33ms
INFO:tornado.access:200 POST /update (::1) 2.98ms
INFO:tornado.access:200 POST /events (::1) 3.01ms
INFO:tornado.access:200 POST /events (::1) 0.92ms
INFO:tornado.access:200 POST /win_exists (::1) 4.95ms
INFO:tornado.access:200 POST /update (::1) 1.89ms
INFO:tornado.access:200 POST /events (::1) 1.84ms
INFO:tornado.access:200 POST /events (::1) 0.96ms
INFO:tornado.access:200 POST /win_exists (::1) 0.63ms
INFO:tornado.access:200 POST /update (::1) 0.70ms
INFO:tornado.access:200 POST /events (::1) 2.34ms
INFO:tornado.access:200 POST /events (::1) 0.94ms
INFO:tornado.access:200 POST /win_exists (::1) 0.78ms
INFO:tornado.access:200 POST /update (::1) 0.99ms
INFO:tornado.access:200 POST /events (::1) 1.21ms
INFO:tornado.access:200 POST /events (::1) 0.91ms
INFO:tornado.access:200 POST /win_exists (::1) 0.65ms
INFO:tornado.access:200 POST /update (::1) 0.90ms
INFO:tornado.access:200 POST /events (::1) 1.13ms
INFO:tornado.access:200 POST /events (::1) 1.20ms
INFO:tornado.access:200 POST /win_exists (::1) 4.39ms
INFO:tornado.access:200 POST /update (::1) 1.99ms
INFO:tornado.access:200 POST /events (::1) 2.14ms
INFO:tornado.access:200 POST /events (::1) 0.98ms
INFO:tornado.access:200 POST /win_exists (::1) 0.46ms
INFO:tornado.access:200 POST /update (::1) 0.69ms
INFO:tornado.access:200 POST /events (::1) 6.20ms
INFO:tornado.access:200 POST /events (::1) 0.84ms
INFO:tornado.access:200 POST /win_exists (::1) 6.63ms
INFO:tornado.access:200 POST /update (::1) 2.39ms
INFO:tornado.access:200 POST /events (::1) 4.11ms
INFO:tornado.access:200 POST /events (::1) 0.93ms
INFO:tornado.access:200 POST /win_exists (::1) 0.78ms
INFO:tornado.access:200 POST /update (::1) 0.71ms
INFO:tornado.access:200 POST /events (::1) 3.73ms
INFO:tornado.access:200 POST /events (::1) 1.16ms
INFO:tornado.access:200 POST /win_exists (::1) 5.87ms
INFO:tornado.access:200 POST /update (::1) 3.91ms
INFO:tornado.access:200 POST /events (::1) 3.72ms
INFO:tornado.access:200 POST /events (::1) 1.71ms
INFO:tornado.access:200 POST /win_exists (::1) 0.63ms
INFO:tornado.access:200 POST /update (::1) 0.73ms
INFO:tornado.access:200 POST /events (::1) 2.58ms
INFO:tornado.access:200 POST /events (::1) 0.91ms
INFO:tornado.access:200 POST /win_exists (::1) 4.58ms
INFO:tornado.access:200 POST /update (::1) 1.84ms
INFO:tornado.access:200 POST /events (::1) 2.69ms
INFO:tornado.access:200 POST /events (::1) 0.95ms
INFO:tornado.access:200 POST /win_exists (::1) 0.80ms
INFO:tornado.access:200 POST /update (::1) 1.02ms
INFO:tornado.access:200 POST /events (::1) 2.49ms
INFO:tornado.access:200 POST /events (::1) 0.90ms
INFO:tornado.access:200 POST /win_exists (::1) 0.79ms
INFO:tornado.access:200 POST /update (::1) 1.33ms
INFO:tornado.access:200 POST /events (::1) 5.89ms
INFO:tornado.access:200 POST /events (::1) 0.73ms
INFO:tornado.access:200 POST /win_exists (::1) 6.13ms
INFO:tornado.access:200 POST /update (::1) 4.53ms
INFO:tornado.access:200 POST /events (::1) 5.96ms
INFO:tornado.access:200 POST /events (::1) 0.91ms
INFO:tornado.access:200 POST /win_exists (::1) 0.63ms
INFO:tornado.access:200 POST /update (::1) 0.79ms
INFO:tornado.access:200 POST /events (::1) 1.08ms
INFO:tornado.access:200 POST /events (::1) 0.83ms
INFO:tornado.access:200 POST /win_exists (::1) 5.73ms
INFO:tornado.access:200 POST /update (::1) 2.40ms
INFO:tornado.access:200 POST /events (::1) 3.90ms
INFO:tornado.access:200 POST /events (::1) 1.26ms
INFO:tornado.access:200 POST /win_exists (::1) 0.73ms
INFO:tornado.access:200 POST /update (::1) 0.89ms
INFO:tornado.access:200 POST /events (::1) 5.92ms
INFO:tornado.access:200 POST /events (::1) 1.17ms
INFO:tornado.access:200 POST /win_exists (::1) 6.12ms
INFO:tornado.access:200 POST /update (::1) 2.16ms
INFO:tornado.access:200 POST /events (::1) 1.57ms
INFO:tornado.access:200 POST /events (::1) 0.95ms
INFO:tornado.access:200 POST /win_exists (::1) 5.78ms
INFO:tornado.access:200 POST /update (::1) 2.73ms
INFO:tornado.access:200 POST /events (::1) 5.24ms
INFO:tornado.access:200 POST /events (::1) 1.00ms
INFO:tornado.access:200 POST /win_exists (::1) 5.31ms
INFO:tornado.access:200 POST /update (::1) 5.06ms
INFO:tornado.access:200 POST /events (::1) 2.12ms
INFO:tornado.access:200 POST /events (::1) 1.43ms
INFO:tornado.access:200 POST /win_exists (::1) 5.42ms
INFO:tornado.access:200 POST /update (::1) 3.20ms
INFO:tornado.access:200 POST /events (::1) 2.94ms
INFO:tornado.access:200 POST /events (::1) 0.81ms
INFO:tornado.access:200 POST /win_exists (::1) 4.69ms
INFO:tornado.access:200 POST /update (::1) 1.64ms
INFO:tornado.access:200 POST /events (::1) 3.52ms
INFO:tornado.access:200 POST /events (::1) 0.94ms
INFO:tornado.access:200 POST /win_exists (::1) 0.54ms
INFO:tornado.access:200 POST /update (::1) 1.95ms
INFO:tornado.access:200 POST /events (::1) 2.35ms
INFO:tornado.access:200 POST /events (::1) 0.77ms
INFO:tornado.access:200 POST /win_exists (::1) 0.57ms
INFO:tornado.access:200 POST /update (::1) 0.86ms
INFO:tornado.access:200 POST /events (::1) 1.10ms
INFO:tornado.access:200 POST /events (::1) 0.82ms
INFO:tornado.access:200 POST /win_exists (::1) 5.47ms
INFO:tornado.access:200 POST /update (::1) 1.95ms
INFO:tornado.access:200 POST /events (::1) 4.09ms
INFO:tornado.access:200 POST /events (::1) 0.92ms
INFO:tornado.access:200 POST /win_exists (::1) 0.62ms
INFO:tornado.access:200 POST /update (::1) 0.73ms
INFO:tornado.access:200 POST /events (::1) 1.07ms
INFO:tornado.access:200 POST /events (::1) 0.90ms
INFO:tornado.access:200 POST /win_exists (::1) 0.79ms
INFO:tornado.access:200 POST /update (::1) 0.79ms
INFO:tornado.access:200 POST /events (::1) 0.99ms
INFO:tornado.access:200 POST /events (::1) 1.22ms
INFO:tornado.access:200 POST /win_exists (::1) 5.00ms
INFO:tornado.access:200 POST /update (::1) 2.70ms
INFO:tornado.access:200 POST /events (::1) 1.81ms
INFO:tornado.access:200 POST /events (::1) 0.95ms
INFO:tornado.access:200 POST /win_exists (::1) 0.63ms
INFO:tornado.access:200 POST /update (::1) 0.83ms
INFO:tornado.access:200 POST /events (::1) 2.52ms
INFO:tornado.access:200 POST /events (::1) 0.94ms
INFO:tornado.access:200 POST /win_exists (::1) 0.78ms
INFO:tornado.access:200 POST /update (::1) 2.06ms
INFO:tornado.access:200 POST /events (::1) 1.71ms
INFO:tornado.access:200 POST /events (::1) 0.82ms
INFO:tornado.access:200 POST /win_exists (::1) 0.58ms
INFO:tornado.access:200 POST /update (::1) 0.85ms
INFO:tornado.access:200 POST /events (::1) 1.09ms
INFO:tornado.access:200 POST /events (::1) 0.86ms
INFO:tornado.access:200 POST /win_exists (::1) 5.77ms
INFO:tornado.access:200 POST /update (::1) 1.87ms
INFO:tornado.access:200 POST /events (::1) 1.13ms
INFO:tornado.access:200 POST /events (::1) 0.80ms
INFO:tornado.access:200 POST /win_exists (::1) 0.55ms
INFO:tornado.access:200 POST /update (::1) 0.87ms
INFO:tornado.access:200 POST /events (::1) 1.78ms
INFO:tornado.access:200 POST /events (::1) 1.01ms
INFO:tornado.access:200 POST /win_exists (::1) 0.57ms
INFO:tornado.access:200 POST /update (::1) 0.88ms
INFO:tornado.access:200 POST /events (::1) 1.13ms
INFO:tornado.access:200 POST /events (::1) 1.15ms
INFO:tornado.access:200 POST /win_exists (::1) 5.07ms
INFO:tornado.access:200 POST /update (::1) 1.82ms
INFO:tornado.access:200 POST /events (::1) 1.17ms
INFO:tornado.access:200 POST /events (::1) 0.84ms
INFO:tornado.access:200 POST /win_exists (::1) 0.59ms
INFO:tornado.access:200 POST /update (::1) 0.98ms
INFO:tornado.access:200 POST /events (::1) 1.90ms
INFO:tornado.access:200 POST /events (::1) 1.02ms
INFO:tornado.access:200 POST /win_exists (::1) 0.57ms
INFO:tornado.access:200 POST /update (::1) 0.78ms
INFO:tornado.access:200 POST /events (::1) 4.69ms
INFO:tornado.access:200 POST /events (::1) 1.15ms
INFO:tornado.access:200 POST /win_exists (::1) 0.59ms
INFO:tornado.access:200 POST /update (::1) 0.80ms
INFO:tornado.access:200 POST /events (::1) 0.99ms
INFO:tornado.access:200 POST /events (::1) 0.81ms
INFO:tornado.access:200 POST /win_exists (::1) 0.46ms
INFO:tornado.access:200 POST /update (::1) 1.93ms
INFO:tornado.access:200 POST /events (::1) 0.82ms
INFO:tornado.access:200 POST /events (::1) 0.81ms
INFO:tornado.access:200 POST /win_exists (::1) 0.65ms
INFO:tornado.access:200 POST /update (::1) 0.74ms
INFO:tornado.access:200 POST /events (::1) 1.25ms
INFO:tornado.access:200 POST /events (::1) 0.83ms
INFO:tornado.access:200 POST /win_exists (::1) 0.71ms
INFO:tornado.access:200 POST /update (::1) 1.43ms
INFO:tornado.access:200 POST /events (::1) 1.02ms
INFO:tornado.access:200 POST /events (::1) 0.72ms
INFO:tornado.access:200 POST /win_exists (::1) 0.57ms
INFO:tornado.access:200 POST /update (::1) 0.72ms
INFO:tornado.access:200 POST /events (::1) 1.19ms
INFO:tornado.access:200 POST /events (::1) 0.84ms
INFO:tornado.access:200 POST /win_exists (::1) 0.65ms
INFO:tornado.access:200 POST /update (::1) 2.04ms
INFO:tornado.access:200 POST /events (::1) 1.20ms
INFO:tornado.access:200 POST /events (::1) 0.78ms
INFO:tornado.access:200 POST /win_exists (::1) 0.57ms
INFO:tornado.access:200 POST /update (::1) 0.72ms
INFO:tornado.access:200 POST /events (::1) 1.02ms
INFO:tornado.access:200 POST /events (::1) 0.75ms
INFO:tornado.access:200 POST /win_exists (::1) 0.63ms
INFO:tornado.access:200 POST /update (::1) 0.93ms
INFO:tornado.access:200 POST /events (::1) 1.09ms
INFO:tornado.access:200 POST /events (::1) 0.77ms
INFO:tornado.access:200 POST /win_exists (::1) 5.19ms
INFO:tornado.access:200 POST /update (::1) 1.52ms
INFO:tornado.access:200 POST /events (::1) 1.08ms
INFO:tornado.access:200 POST /events (::1) 0.72ms
INFO:tornado.access:200 POST /win_exists (::1) 0.58ms
INFO:tornado.access:200 POST /update (::1) 1.01ms
INFO:tornado.access:200 POST /events (::1) 1.06ms
INFO:tornado.access:200 POST /events (::1) 0.96ms
INFO:tornado.access:200 POST /win_exists (::1) 0.56ms
INFO:tornado.access:200 POST /update (::1) 0.95ms
INFO:tornado.access:200 POST /events (::1) 2.43ms
INFO:tornado.access:200 POST /events (::1) 0.72ms
INFO:tornado.access:200 POST /win_exists (::1) 0.57ms
INFO:tornado.access:200 POST /update (::1) 0.77ms
INFO:tornado.access:200 POST /events (::1) 1.42ms
INFO:tornado.access:200 POST /events (::1) 0.78ms
INFO:tornado.access:200 POST /win_exists (::1) 0.57ms
INFO:tornado.access:200 POST /update (::1) 0.93ms
INFO:tornado.access:200 POST /events (::1) 3.18ms
INFO:tornado.access:200 POST /events (::1) 0.76ms
INFO:tornado.access:200 POST /win_exists (::1) 0.57ms
INFO:tornado.access:200 POST /update (::1) 0.95ms
INFO:tornado.access:200 POST /events (::1) 1.25ms
INFO:tornado.access:200 POST /events (::1) 0.75ms
INFO:tornado.access:200 POST /win_exists (::1) 5.43ms
INFO:tornado.access:200 POST /update (::1) 2.80ms
INFO:tornado.access:200 POST /events (::1) 2.99ms
INFO:tornado.access:200 POST /events (::1) 0.76ms
INFO:tornado.access:200 POST /win_exists (::1) 0.57ms
INFO:tornado.access:200 POST /update (::1) 0.97ms
INFO:tornado.access:200 POST /events (::1) 4.05ms
INFO:tornado.access:200 POST /events (::1) 0.78ms
INFO:tornado.access:200 POST /win_exists (::1) 5.32ms
INFO:tornado.access:200 POST /update (::1) 1.60ms
INFO:tornado.access:200 POST /events (::1) 1.86ms
INFO:tornado.access:200 POST /events (::1) 0.84ms
INFO:tornado.access:200 POST /win_exists (::1) 0.57ms
INFO:tornado.access:200 POST /update (::1) 2.12ms
INFO:tornado.access:200 POST /events (::1) 1.16ms
INFO:tornado.access:200 POST /events (::1) 0.74ms
INFO:tornado.access:200 POST /win_exists (::1) 0.73ms
INFO:tornado.access:200 POST /update (::1) 1.20ms
INFO:tornado.access:200 POST /events (::1) 2.60ms
INFO:tornado.access:200 POST /events (::1) 9.46ms
INFO:tornado.access:200 POST /win_exists (::1) 0.63ms
INFO:tornado.access:200 POST /update (::1) 2.03ms
INFO:tornado.access:200 POST /events (::1) 1.41ms
INFO:tornado.access:200 POST /events (::1) 0.83ms
INFO:tornado.access:200 POST /win_exists (::1) 5.39ms
INFO:tornado.access:200 POST /update (::1) 1.59ms
INFO:tornado.access:200 POST /events (::1) 1.95ms
INFO:tornado.access:200 POST /events (::1) 0.76ms
INFO:tornado.access:200 POST /win_exists (::1) 0.64ms
INFO:tornado.access:200 POST /update (::1) 0.82ms
INFO:tornado.access:200 POST /events (::1) 3.78ms
INFO:tornado.access:200 POST /events (::1) 0.73ms
INFO:tornado.access:200 POST /win_exists (::1) 0.57ms
INFO:tornado.access:200 POST /update (::1) 1.00ms
INFO:tornado.access:200 POST /events (::1) 1.53ms
INFO:tornado.access:200 POST /events (::1) 0.72ms
INFO:tornado.access:200 POST /win_exists (::1) 0.57ms
INFO:tornado.access:200 POST /update (::1) 0.94ms
INFO:tornado.access:200 POST /events (::1) 1.04ms
INFO:tornado.access:200 POST /events (::1) 0.72ms
INFO:tornado.access:200 POST /win_exists (::1) 0.58ms
INFO:tornado.access:200 POST /update (::1) 0.78ms
INFO:tornado.access:200 POST /events (::1) 0.93ms
INFO:tornado.access:200 POST /events (::1) 0.85ms
INFO:tornado.access:200 POST /win_exists (::1) 4.32ms
INFO:tornado.access:200 POST /update (::1) 2.14ms
INFO:tornado.access:200 POST /events (::1) 1.91ms
INFO:tornado.access:200 POST /events (::1) 0.98ms
INFO:tornado.access:200 POST /win_exists (::1) 0.64ms
INFO:tornado.access:200 POST /update (::1) 0.82ms
INFO:tornado.access:200 POST /events (::1) 0.97ms
INFO:tornado.access:200 POST /events (::1) 0.92ms
INFO:tornado.access:200 POST /win_exists (::1) 0.64ms
INFO:tornado.access:200 POST /update (::1) 0.83ms
INFO:tornado.access:200 POST /events (::1) 1.23ms
INFO:tornado.access:200 POST /events (::1) 0.90ms
INFO:tornado.access:200 POST /win_exists (::1) 0.53ms
INFO:tornado.access:200 POST /update (::1) 2.08ms
INFO:tornado.access:200 POST /events (::1) 1.15ms
INFO:tornado.access:200 POST /events (::1) 0.83ms
INFO:tornado.access:200 POST /win_exists (::1) 4.95ms
INFO:tornado.access:200 POST /update (::1) 1.62ms
INFO:tornado.access:200 POST /events (::1) 1.47ms
INFO:tornado.access:200 POST /events (::1) 1.28ms
INFO:tornado.access:200 POST /win_exists (::1) 0.64ms
INFO:tornado.access:200 POST /update (::1) 0.78ms
INFO:tornado.access:200 POST /events (::1) 1.18ms
INFO:tornado.access:200 POST /events (::1) 0.87ms
INFO:tornado.access:200 POST /win_exists (::1) 0.63ms
INFO:tornado.access:200 POST /update (::1) 2.27ms
INFO:tornado.access:200 POST /events (::1) 2.28ms
INFO:tornado.access:200 POST /events (::1) 0.82ms
INFO:tornado.access:200 POST /win_exists (::1) 0.62ms
INFO:tornado.access:200 POST /update (::1) 1.01ms
INFO:tornado.access:200 POST /events (::1) 1.16ms
INFO:tornado.access:200 POST /events (::1) 0.83ms
INFO:tornado.access:200 POST /win_exists (::1) 0.62ms
INFO:tornado.access:200 POST /update (::1) 0.84ms
INFO:tornado.access:200 POST /events (::1) 1.14ms
INFO:tornado.access:200 POST /events (::1) 0.81ms
INFO:tornado.access:200 POST /win_exists (::1) 5.38ms
INFO:tornado.access:200 POST /update (::1) 1.72ms
INFO:tornado.access:200 POST /events (::1) 5.38ms
INFO:tornado.access:200 POST /events (::1) 0.81ms
INFO:tornado.access:200 POST /win_exists (::1) 0.66ms
INFO:tornado.access:200 POST /update (::1) 1.41ms
INFO:tornado.access:200 POST /events (::1) 1.02ms
INFO:tornado.access:200 POST /events (::1) 10.07ms
INFO:tornado.access:200 POST /win_exists (::1) 0.59ms
INFO:tornado.access:200 POST /update (::1) 0.85ms
INFO:tornado.access:200 POST /events (::1) 1.19ms
INFO:tornado.access:200 POST /events (::1) 0.76ms
INFO:tornado.access:200 POST /win_exists (::1) 0.63ms
INFO:tornado.access:200 POST /update (::1) 1.01ms
INFO:tornado.access:200 POST /events (::1) 1.06ms
INFO:tornado.access:200 POST /events (::1) 0.82ms
INFO:tornado.access:200 POST /win_exists (::1) 0.63ms
INFO:tornado.access:200 POST /update (::1) 1.04ms
INFO:tornado.access:200 POST /events (::1) 1.02ms
INFO:tornado.access:200 POST /events (::1) 0.84ms
INFO:tornado.access:200 POST /win_exists (::1) 0.63ms
INFO:tornado.access:200 POST /update (::1) 1.05ms
INFO:tornado.access:200 POST /events (::1) 1.07ms
INFO:tornado.access:200 POST /events (::1) 0.81ms
INFO:tornado.access:200 POST /win_exists (::1) 0.63ms
INFO:tornado.access:200 POST /update (::1) 1.01ms
INFO:tornado.access:200 POST /events (::1) 0.90ms
INFO:tornado.access:200 POST /events (::1) 0.83ms
INFO:tornado.access:200 POST /win_exists (::1) 0.71ms
INFO:tornado.access:200 POST /update (::1) 1.04ms
INFO:tornado.access:200 POST /events (::1) 1.02ms
INFO:tornado.access:200 POST /events (::1) 0.87ms
INFO:tornado.access:200 POST /win_exists (::1) 0.73ms
INFO:tornado.access:200 POST /update (::1) 1.06ms
INFO:tornado.access:200 POST /events (::1) 1.31ms
INFO:tornado.access:200 POST /events (::1) 0.75ms
INFO:tornado.access:200 POST /win_exists (::1) 0.46ms
INFO:tornado.access:200 POST /update (::1) 0.99ms
INFO:tornado.access:200 POST /events (::1) 1.10ms
INFO:tornado.access:200 POST /events (::1) 1.33ms
INFO:tornado.access:200 POST /win_exists (::1) 0.83ms
INFO:tornado.access:200 POST /update (::1) 0.91ms
INFO:tornado.access:200 POST /events (::1) 1.09ms
INFO:tornado.access:200 POST /events (::1) 0.88ms
INFO:tornado.access:200 POST /win_exists (::1) 0.63ms
INFO:tornado.access:200 POST /update (::1) 1.05ms
INFO:tornado.access:200 POST /events (::1) 1.08ms
INFO:tornado.access:200 POST /events (::1) 0.76ms
INFO:tornado.access:200 POST /win_exists (::1) 0.67ms
INFO:tornado.access:200 POST /update (::1) 2.49ms
INFO:tornado.access:200 POST /events (::1) 1.00ms
INFO:tornado.access:200 POST /events (::1) 0.89ms
INFO:tornado.access:200 POST /win_exists (::1) 0.61ms
INFO:tornado.access:200 POST /update (::1) 0.79ms
INFO:tornado.access:200 POST /events (::1) 0.84ms
INFO:tornado.access:200 POST /events (::1) 0.84ms
INFO:tornado.access:200 POST /win_exists (::1) 5.44ms
INFO:tornado.access:200 POST /update (::1) 2.02ms
INFO:tornado.access:200 POST /events (::1) 1.76ms
INFO:tornado.access:200 POST /events (::1) 1.10ms
INFO:tornado.access:200 POST /win_exists (::1) 0.58ms
INFO:tornado.access:200 POST /update (::1) 3.14ms
INFO:tornado.access:200 POST /events (::1) 1.07ms
INFO:tornado.access:200 POST /events (::1) 1.30ms
INFO:tornado.access:200 POST /win_exists (::1) 0.57ms
INFO:tornado.access:200 POST /update (::1) 0.96ms
INFO:tornado.access:200 POST /events (::1) 1.25ms
INFO:tornado.access:200 POST /events (::1) 0.72ms
INFO:tornado.access:200 POST /win_exists (::1) 0.45ms
INFO:tornado.access:200 POST /update (::1) 0.99ms
INFO:tornado.access:200 POST /events (::1) 0.81ms
INFO:tornado.access:200 POST /events (::1) 0.76ms
INFO:tornado.access:200 POST /win_exists (::1) 0.76ms
INFO:tornado.access:200 POST /update (::1) 0.78ms
INFO:tornado.access:200 POST /events (::1) 1.14ms
INFO:tornado.access:200 POST /events (::1) 0.75ms
INFO:tornado.access:200 POST /win_exists (::1) 0.57ms
INFO:tornado.access:200 POST /update (::1) 1.12ms
INFO:tornado.access:200 POST /events (::1) 0.86ms
INFO:tornado.access:200 POST /events (::1) 0.83ms
INFO:tornado.access:200 POST /win_exists (::1) 0.58ms
INFO:tornado.access:200 POST /update (::1) 0.79ms
INFO:tornado.access:200 POST /events (::1) 0.92ms
INFO:tornado.access:200 POST /events (::1) 0.72ms
INFO:tornado.access:200 POST /win_exists (::1) 0.60ms
INFO:tornado.access:200 POST /update (::1) 9.55ms
INFO:tornado.access:200 POST /events (::1) 1.10ms
INFO:tornado.access:200 POST /events (::1) 0.75ms
INFO:tornado.access:200 POST /win_exists (::1) 0.59ms
INFO:tornado.access:200 POST /update (::1) 1.45ms
INFO:tornado.access:200 POST /events (::1) 1.01ms
INFO:tornado.access:200 POST /events (::1) 0.76ms
INFO:tornado.access:200 POST /win_exists (::1) 0.69ms
INFO:tornado.access:200 POST /update (::1) 1.29ms
INFO:tornado.access:200 POST /events (::1) 1.30ms
INFO:tornado.access:200 POST /events (::1) 0.98ms
INFO:tornado.access:200 POST /win_exists (::1) 0.83ms
INFO:tornado.access:200 POST /update (::1) 2.30ms
INFO:tornado.access:200 POST /events (::1) 1.11ms
INFO:tornado.access:200 POST /events (::1) 0.78ms
INFO:tornado.access:200 POST /win_exists (::1) 0.46ms
INFO:tornado.access:200 POST /update (::1) 0.98ms
INFO:tornado.access:200 POST /events (::1) 1.00ms
INFO:tornado.access:200 POST /events (::1) 0.76ms
INFO:tornado.access:200 POST /win_exists (::1) 0.59ms
INFO:tornado.access:200 POST /update (::1) 0.80ms
INFO:tornado.access:200 POST /events (::1) 0.99ms
INFO:tornado.access:200 POST /events (::1) 0.83ms
INFO:tornado.access:200 POST /win_exists (::1) 0.70ms
INFO:tornado.access:200 POST /update (::1) 1.04ms
INFO:tornado.access:200 POST /events (::1) 1.51ms
INFO:tornado.access:200 POST /events (::1) 0.74ms
INFO:tornado.access:200 POST /win_exists (::1) 0.57ms
INFO:tornado.access:200 POST /update (::1) 1.38ms
INFO:tornado.access:200 POST /events (::1) 0.85ms
INFO:tornado.access:200 POST /events (::1) 1.09ms
INFO:tornado.access:200 POST /win_exists (::1) 0.67ms
INFO:tornado.access:200 POST /update (::1) 3.94ms
INFO:tornado.access:200 POST /events (::1) 1.18ms
INFO:tornado.access:200 POST /events (::1) 0.83ms
INFO:tornado.access:200 POST /win_exists (::1) 0.46ms
INFO:tornado.access:200 POST /update (::1) 3.63ms
INFO:tornado.access:200 POST /events (::1) 0.91ms
INFO:tornado.access:200 POST /events (::1) 0.73ms
INFO:tornado.access:200 POST /win_exists (::1) 0.57ms
INFO:tornado.access:200 POST /update (::1) 1.00ms
INFO:tornado.access:200 POST /events (::1) 0.84ms
INFO:tornado.access:200 POST /events (::1) 0.75ms
INFO:tornado.access:200 POST /win_exists (::1) 0.57ms
INFO:tornado.access:200 POST /update (::1) 1.28ms
INFO:tornado.access:200 POST /events (::1) 1.16ms
INFO:tornado.access:200 POST /events (::1) 0.78ms
INFO:tornado.access:200 POST /win_exists (::1) 0.57ms
INFO:tornado.access:200 POST /update (::1) 1.04ms
INFO:tornado.access:200 POST /events (::1) 0.92ms
INFO:tornado.access:200 POST /events (::1) 0.75ms
INFO:tornado.access:200 POST /win_exists (::1) 0.69ms
INFO:tornado.access:200 POST /update (::1) 0.81ms
INFO:tornado.access:200 POST /events (::1) 1.01ms
INFO:tornado.access:200 POST /events (::1) 0.78ms
INFO:tornado.access:200 POST /win_exists (::1) 5.89ms
INFO:tornado.access:200 POST /update (::1) 2.12ms
INFO:tornado.access:200 POST /events (::1) 1.58ms
INFO:tornado.access:200 POST /events (::1) 0.76ms
INFO:tornado.access:200 POST /win_exists (::1) 0.49ms
INFO:tornado.access:200 POST /update (::1) 1.15ms
INFO:tornado.access:200 POST /events (::1) 1.13ms
INFO:tornado.access:200 POST /events (::1) 1.31ms
INFO:tornado.access:200 POST /win_exists (::1) 0.61ms
INFO:tornado.access:200 POST /update (::1) 1.60ms
INFO:tornado.access:200 POST /events (::1) 1.07ms
INFO:tornado.access:200 POST /events (::1) 0.82ms
INFO:tornado.access:200 POST /win_exists (::1) 0.58ms
INFO:tornado.access:200 POST /update (::1) 1.37ms
INFO:tornado.access:200 POST /events (::1) 1.04ms
INFO:tornado.access:200 POST /events (::1) 1.14ms
INFO:tornado.access:200 POST /win_exists (::1) 0.59ms
INFO:tornado.access:200 POST /update (::1) 0.81ms
INFO:tornado.access:200 POST /events (::1) 1.04ms
INFO:tornado.access:200 POST /events (::1) 0.77ms
INFO:tornado.access:200 POST /win_exists (::1) 0.59ms
INFO:tornado.access:200 POST /update (::1) 0.96ms
INFO:tornado.access:200 POST /events (::1) 1.08ms
INFO:tornado.access:200 POST /events (::1) 0.93ms
INFO:tornado.access:200 POST /win_exists (::1) 0.58ms
INFO:tornado.access:200 POST /update (::1) 1.09ms
INFO:tornado.access:200 POST /events (::1) 1.13ms
INFO:tornado.access:200 POST /events (::1) 0.87ms
INFO:tornado.access:200 POST /win_exists (::1) 0.70ms
INFO:tornado.access:200 POST /update (::1) 1.09ms
INFO:tornado.access:200 POST /events (::1) 2.49ms
INFO:tornado.access:200 POST /events (::1) 0.76ms
INFO:tornado.access:200 POST /win_exists (::1) 0.62ms
INFO:tornado.access:200 POST /update (::1) 0.91ms
INFO:tornado.access:200 POST /events (::1) 2.56ms
INFO:tornado.access:200 POST /events (::1) 0.77ms
INFO:tornado.access:200 POST /win_exists (::1) 0.57ms
INFO:tornado.access:200 POST /update (::1) 0.83ms
INFO:tornado.access:200 POST /events (::1) 1.02ms
INFO:tornado.access:200 POST /events (::1) 0.74ms
INFO:tornado.access:200 POST /win_exists (::1) 0.73ms
INFO:tornado.access:200 POST /update (::1) 1.03ms
INFO:tornado.access:200 POST /events (::1) 1.16ms
INFO:tornado.access:200 POST /events (::1) 1.38ms
INFO:tornado.access:200 POST /win_exists (::1) 0.58ms
INFO:tornado.access:200 POST /update (::1) 1.05ms
INFO:tornado.access:200 POST /events (::1) 1.10ms
INFO:tornado.access:200 POST /events (::1) 0.75ms
INFO:tornado.access:200 POST /win_exists (::1) 0.61ms
INFO:tornado.access:200 POST /update (::1) 0.95ms
INFO:tornado.access:200 POST /events (::1) 1.02ms
INFO:tornado.access:200 POST /events (::1) 0.82ms
INFO:tornado.access:200 POST /win_exists (::1) 5.93ms
INFO:tornado.access:200 POST /update (::1) 2.04ms
INFO:tornado.access:200 POST /events (::1) 1.73ms
INFO:tornado.access:200 POST /events (::1) 0.83ms
INFO:tornado.access:200 POST /win_exists (::1) 0.47ms
INFO:tornado.access:200 POST /update (::1) 0.80ms
INFO:tornado.access:200 POST /events (::1) 1.12ms
INFO:tornado.access:200 POST /events (::1) 1.05ms
INFO:tornado.access:200 POST /win_exists (::1) 0.57ms
INFO:tornado.access:200 POST /update (::1) 1.05ms
INFO:tornado.access:200 POST /events (::1) 1.08ms
INFO:tornado.access:200 POST /events (::1) 0.72ms
INFO:tornado.access:200 POST /win_exists (::1) 0.57ms
INFO:tornado.access:200 POST /update (::1) 0.83ms
INFO:tornado.access:200 POST /events (::1) 1.04ms
INFO:tornado.access:200 POST /events (::1) 1.04ms
INFO:tornado.access:200 POST /win_exists (::1) 0.56ms
INFO:tornado.access:200 POST /update (::1) 1.04ms
INFO:tornado.access:200 POST /events (::1) 2.46ms
INFO:tornado.access:200 POST /events (::1) 1.23ms
INFO:tornado.access:200 POST /win_exists (::1) 0.57ms
INFO:tornado.access:200 POST /update (::1) 1.30ms
INFO:tornado.access:200 POST /events (::1) 1.02ms
INFO:tornado.access:200 POST /events (::1) 0.77ms
INFO:tornado.access:200 POST /win_exists (::1) 0.58ms
INFO:tornado.access:200 POST /update (::1) 1.04ms
INFO:tornado.access:200 POST /events (::1) 1.03ms
INFO:tornado.access:200 POST /events (::1) 0.75ms
INFO:tornado.access:200 POST /win_exists (::1) 0.57ms
INFO:tornado.access:200 POST /update (::1) 0.82ms
INFO:tornado.access:200 POST /events (::1) 1.10ms
INFO:tornado.access:200 POST /events (::1) 0.74ms
INFO:tornado.access:200 POST /win_exists (::1) 6.42ms
INFO:tornado.access:200 POST /update (::1) 2.34ms
INFO:tornado.access:200 POST /events (::1) 1.85ms
INFO:tornado.access:200 POST /events (::1) 1.12ms
INFO:tornado.access:200 POST /win_exists (::1) 0.47ms
INFO:tornado.access:200 POST /update (::1) 0.85ms
INFO:tornado.access:200 POST /events (::1) 1.18ms
INFO:tornado.access:200 POST /events (::1) 0.80ms
INFO:tornado.access:200 POST /win_exists (::1) 0.46ms
INFO:tornado.access:200 POST /update (::1) 1.07ms
INFO:tornado.access:200 POST /events (::1) 1.17ms
INFO:tornado.access:200 POST /events (::1) 0.80ms
INFO:tornado.access:200 POST /win_exists (::1) 0.57ms
INFO:tornado.access:200 POST /update (::1) 1.07ms
INFO:tornado.access:200 POST /events (::1) 1.04ms
INFO:tornado.access:200 POST /events (::1) 0.78ms
INFO:tornado.access:200 POST /win_exists (::1) 5.25ms
INFO:tornado.access:200 POST /update (::1) 1.63ms
INFO:tornado.access:200 POST /events (::1) 1.74ms
INFO:tornado.access:200 POST /events (::1) 1.10ms
INFO:tornado.access:200 POST /win_exists (::1) 0.57ms
INFO:tornado.access:200 POST /update (::1) 1.10ms
INFO:tornado.access:200 POST /events (::1) 1.04ms
INFO:tornado.access:200 POST /events (::1) 0.77ms
INFO:tornado.access:200 POST /win_exists (::1) 0.57ms
INFO:tornado.access:200 POST /update (::1) 0.82ms
INFO:tornado.access:200 POST /events (::1) 0.99ms
INFO:tornado.access:200 POST /events (::1) 0.74ms
INFO:tornado.access:200 POST /win_exists (::1) 0.47ms
INFO:tornado.access:200 POST /update (::1) 0.82ms
INFO:tornado.access:200 POST /events (::1) 1.15ms
INFO:tornado.access:200 POST /events (::1) 0.77ms
INFO:tornado.access:200 POST /win_exists (::1) 0.57ms
INFO:tornado.access:200 POST /update (::1) 0.99ms
INFO:tornado.access:200 POST /events (::1) 0.98ms
INFO:tornado.access:200 POST /events (::1) 0.77ms
INFO:tornado.access:200 POST /win_exists (::1) 0.56ms
INFO:tornado.access:200 POST /update (::1) 0.82ms
INFO:tornado.access:200 POST /events (::1) 1.02ms
INFO:tornado.access:200 POST /events (::1) 0.72ms
INFO:tornado.access:200 POST /win_exists (::1) 0.67ms
INFO:tornado.access:200 POST /update (::1) 1.27ms
INFO:tornado.access:200 POST /events (::1) 1.06ms
INFO:tornado.access:200 POST /events (::1) 0.84ms
INFO:tornado.access:200 POST /win_exists (::1) 0.98ms
INFO:tornado.access:200 POST /update (::1) 1.19ms
INFO:tornado.access:200 POST /events (::1) 4.96ms
INFO:tornado.access:200 POST /events (::1) 1.23ms
INFO:tornado.access:200 POST /win_exists (::1) 0.57ms
INFO:tornado.access:200 POST /update (::1) 0.83ms
INFO:tornado.access:200 POST /events (::1) 1.07ms
INFO:tornado.access:200 POST /events (::1) 0.75ms
INFO:tornado.access:200 POST /win_exists (::1) 0.57ms
INFO:tornado.access:200 POST /update (::1) 1.11ms
INFO:tornado.access:200 POST /events (::1) 1.13ms
INFO:tornado.access:200 POST /events (::1) 0.83ms
INFO:tornado.access:200 POST /win_exists (::1) 0.46ms
INFO:tornado.access:200 POST /update (::1) 0.84ms
INFO:tornado.access:200 POST /events (::1) 1.06ms
INFO:tornado.access:200 POST /events (::1) 0.75ms
INFO:tornado.access:200 POST /win_exists (::1) 0.60ms
INFO:tornado.access:200 POST /update (::1) 1.10ms
INFO:tornado.access:200 POST /events (::1) 0.83ms
INFO:tornado.access:200 POST /events (::1) 0.75ms
INFO:tornado.access:200 POST /win_exists (::1) 5.32ms
INFO:tornado.access:200 POST /update (::1) 2.27ms
INFO:tornado.access:200 POST /events (::1) 1.91ms
INFO:tornado.access:200 POST /events (::1) 1.00ms
INFO:tornado.access:200 POST /win_exists (::1) 0.98ms
INFO:tornado.access:200 POST /update (::1) 1.44ms
INFO:tornado.access:200 POST /events (::1) 1.36ms
INFO:tornado.access:200 POST /events (::1) 1.15ms
INFO:tornado.access:200 POST /win_exists (::1) 0.57ms
INFO:tornado.access:200 POST /update (::1) 0.85ms
INFO:tornado.access:200 POST /events (::1) 1.12ms
INFO:tornado.access:200 POST /events (::1) 0.73ms
INFO:tornado.access:200 POST /win_exists (::1) 0.72ms
INFO:tornado.access:200 POST /update (::1) 3.23ms
INFO:tornado.access:200 POST /events (::1) 0.89ms
INFO:tornado.access:200 POST /events (::1) 0.83ms
INFO:tornado.access:200 POST /win_exists (::1) 0.57ms
INFO:tornado.access:200 POST /update (::1) 0.87ms
INFO:tornado.access:200 POST /events (::1) 0.82ms
INFO:tornado.access:200 POST /events (::1) 0.75ms
INFO:tornado.access:200 POST /win_exists (::1) 5.77ms
INFO:tornado.access:200 POST /update (::1) 1.83ms
INFO:tornado.access:200 POST /events (::1) 1.69ms
INFO:tornado.access:200 POST /events (::1) 1.42ms
INFO:tornado.access:200 POST /win_exists (::1) 0.63ms
INFO:tornado.access:200 POST /update (::1) 0.92ms
INFO:tornado.access:200 POST /events (::1) 1.20ms
INFO:tornado.access:200 POST /events (::1) 1.69ms
INFO:tornado.access:200 POST /win_exists (::1) 0.57ms
INFO:tornado.access:200 POST /update (::1) 0.87ms
INFO:tornado.access:200 POST /events (::1) 1.01ms
INFO:tornado.access:200 POST /events (::1) 1.27ms
INFO:tornado.access:200 POST /win_exists (::1) 0.74ms
INFO:tornado.access:200 POST /update (::1) 1.27ms
INFO:tornado.access:200 POST /events (::1) 0.96ms
INFO:tornado.access:200 POST /events (::1) 0.75ms
INFO:tornado.access:200 POST /win_exists (::1) 0.60ms
INFO:tornado.access:200 POST /update (::1) 0.92ms
INFO:tornado.access:200 POST /events (::1) 0.89ms
INFO:tornado.access:200 POST /events (::1) 0.82ms
INFO:tornado.access:200 POST /win_exists (::1) 0.60ms
INFO:tornado.access:200 POST /update (::1) 1.30ms
INFO:tornado.access:200 POST /events (::1) 1.03ms
INFO:tornado.access:200 POST /events (::1) 0.73ms
INFO:tornado.access:200 POST /win_exists (::1) 0.92ms
INFO:tornado.access:200 POST /update (::1) 1.64ms
INFO:tornado.access:200 POST /events (::1) 1.47ms
INFO:tornado.access:200 POST /events (::1) 0.83ms
INFO:tornado.access:200 POST /win_exists (::1) 0.59ms
INFO:tornado.access:200 POST /update (::1) 1.11ms
INFO:tornado.access:200 POST /events (::1) 1.20ms
INFO:tornado.access:200 POST /events (::1) 0.78ms
INFO:tornado.access:200 POST /win_exists (::1) 6.52ms
INFO:tornado.access:200 POST /update (::1) 3.00ms
INFO:tornado.access:200 POST /events (::1) 3.45ms
INFO:tornado.access:200 POST /events (::1) 0.76ms
INFO:tornado.access:200 POST /win_exists (::1) 0.57ms
INFO:tornado.access:200 POST /update (::1) 0.86ms
INFO:tornado.access:200 POST /events (::1) 0.87ms
INFO:tornado.access:200 POST /events (::1) 0.91ms
INFO:tornado.access:200 POST /win_exists (::1) 0.60ms
INFO:tornado.access:200 POST /update (::1) 1.34ms
INFO:tornado.access:200 POST /events (::1) 1.32ms
INFO:tornado.access:200 POST /events (::1) 0.86ms
INFO:tornado.access:200 POST /win_exists (::1) 4.40ms
INFO:tornado.access:200 POST /update (::1) 2.25ms
INFO:tornado.access:200 POST /events (::1) 1.62ms
INFO:tornado.access:200 POST /events (::1) 0.77ms
INFO:tornado.access:200 POST /win_exists (::1) 0.61ms
INFO:tornado.access:200 POST /update (::1) 1.75ms
INFO:tornado.access:200 POST /events (::1) 1.11ms
INFO:tornado.access:200 POST /events (::1) 0.78ms
INFO:tornado.access:200 POST /win_exists (::1) 0.58ms
INFO:tornado.access:200 POST /update (::1) 1.36ms
INFO:tornado.access:200 POST /events (::1) 1.40ms
INFO:tornado.access:200 POST /events (::1) 0.71ms
INFO:tornado.access:200 POST /win_exists (::1) 0.57ms
INFO:tornado.access:200 POST /update (::1) 0.86ms
INFO:tornado.access:200 POST /events (::1) 1.16ms
INFO:tornado.access:200 POST /events (::1) 0.73ms
INFO:tornado.access:200 POST /win_exists (::1) 0.59ms
INFO:tornado.access:200 POST /update (::1) 1.46ms
INFO:tornado.access:200 POST /events (::1) 1.31ms
INFO:tornado.access:200 POST /events (::1) 0.84ms
INFO:tornado.access:200 POST /win_exists (::1) 4.35ms
INFO:tornado.access:200 POST /update (::1) 2.29ms
INFO:tornado.access:200 POST /events (::1) 1.73ms
INFO:tornado.access:200 POST /events (::1) 0.75ms
INFO:tornado.access:200 POST /win_exists (::1) 0.59ms
INFO:tornado.access:200 POST /update (::1) 1.24ms
INFO:tornado.access:200 POST /events (::1) 1.09ms
INFO:tornado.access:200 POST /events (::1) 0.74ms
INFO:tornado.access:200 POST /win_exists (::1) 0.58ms
INFO:tornado.access:200 POST /update (::1) 0.98ms
INFO:tornado.access:200 POST /events (::1) 1.16ms
INFO:tornado.access:200 POST /events (::1) 0.75ms
INFO:tornado.access:200 POST /win_exists (::1) 0.57ms
INFO:tornado.access:200 POST /update (::1) 0.87ms
INFO:tornado.access:200 POST /events (::1) 1.04ms
INFO:tornado.access:200 POST /events (::1) 0.72ms
INFO:tornado.access:200 POST /win_exists (::1) 0.46ms
INFO:tornado.access:200 POST /update (::1) 0.86ms
INFO:tornado.access:200 POST /events (::1) 1.25ms
INFO:tornado.access:200 POST /events (::1) 0.93ms
INFO:tornado.access:200 POST /win_exists (::1) 4.37ms
INFO:tornado.access:200 POST /update (::1) 1.78ms
INFO:tornado.access:200 POST /events (::1) 1.72ms
INFO:tornado.access:200 POST /events (::1) 1.41ms
INFO:tornado.access:200 POST /win_exists (::1) 0.58ms
INFO:tornado.access:200 POST /update (::1) 1.00ms
INFO:tornado.access:200 POST /events (::1) 1.11ms
INFO:tornado.access:200 POST /events (::1) 0.81ms
INFO:tornado.access:200 POST /win_exists (::1) 0.46ms
INFO:tornado.access:200 POST /update (::1) 0.87ms
INFO:tornado.access:200 POST /events (::1) 1.02ms
INFO:tornado.access:200 POST /events (::1) 1.24ms
INFO:tornado.access:200 POST /win_exists (::1) 4.31ms
INFO:tornado.access:200 POST /update (::1) 1.85ms
INFO:tornado.access:200 POST /events (::1) 1.92ms
INFO:tornado.access:200 POST /events (::1) 0.90ms
INFO:tornado.access:200 POST /win_exists (::1) 0.64ms
INFO:tornado.access:200 POST /update (::1) 1.48ms
INFO:tornado.access:200 POST /events (::1) 1.21ms
INFO:tornado.access:200 POST /events (::1) 0.82ms
INFO:tornado.access:200 POST /win_exists (::1) 0.46ms
INFO:tornado.access:200 POST /update (::1) 0.96ms
INFO:tornado.access:200 POST /events (::1) 1.29ms
INFO:tornado.access:200 POST /events (::1) 0.72ms
INFO:tornado.access:200 POST /win_exists (::1) 0.85ms
INFO:tornado.access:200 POST /update (::1) 0.91ms
INFO:tornado.access:200 POST /events (::1) 1.05ms
INFO:tornado.access:200 POST /events (::1) 0.76ms
INFO:tornado.access:200 POST /win_exists (::1) 0.60ms
INFO:tornado.access:200 POST /update (::1) 1.14ms
INFO:tornado.access:200 POST /events (::1) 2.19ms
INFO:tornado.access:200 POST /events (::1) 0.82ms
INFO:tornado.access:200 POST /win_exists (::1) 0.57ms
INFO:tornado.access:200 POST /update (::1) 0.88ms
INFO:tornado.access:200 POST /events (::1) 1.06ms
INFO:tornado.access:200 POST /events (::1) 0.88ms
INFO:tornado.access:200 POST /win_exists (::1) 0.59ms
INFO:tornado.access:200 POST /update (::1) 0.91ms
INFO:tornado.access:200 POST /events (::1) 0.92ms
INFO:tornado.access:200 POST /events (::1) 0.76ms
INFO:tornado.access:200 POST /win_exists (::1) 0.72ms
INFO:tornado.access:200 POST /update (::1) 1.00ms
INFO:tornado.access:200 POST /events (::1) 0.92ms
INFO:tornado.access:200 POST /events (::1) 0.79ms
INFO:tornado.access:200 POST /win_exists (::1) 0.99ms
INFO:tornado.access:200 POST /update (::1) 1.48ms
INFO:tornado.access:200 POST /events (::1) 3.26ms
INFO:tornado.access:200 POST /events (::1) 0.72ms
INFO:tornado.access:200 POST /win_exists (::1) 0.57ms
INFO:tornado.access:200 POST /update (::1) 0.87ms
INFO:tornado.access:200 POST /events (::1) 1.22ms
INFO:tornado.access:200 POST /events (::1) 0.71ms
INFO:tornado.access:200 POST /win_exists (::1) 1.07ms
INFO:tornado.access:200 POST /update (::1) 0.98ms
INFO:tornado.access:200 POST /events (::1) 1.13ms
INFO:tornado.access:200 POST /events (::1) 0.75ms
INFO:tornado.access:200 POST /win_exists (::1) 0.59ms
INFO:tornado.access:200 POST /update (::1) 0.95ms
INFO:tornado.access:200 POST /events (::1) 1.09ms
INFO:tornado.access:200 POST /events (::1) 0.76ms
INFO:tornado.access:200 POST /win_exists (::1) 0.62ms
INFO:tornado.access:200 POST /update (::1) 1.34ms
INFO:tornado.access:200 POST /events (::1) 1.10ms
INFO:tornado.access:200 POST /events (::1) 0.81ms
INFO:tornado.access:200 POST /win_exists (::1) 0.58ms
INFO:tornado.access:200 POST /update (::1) 1.21ms
INFO:tornado.access:200 POST /events (::1) 3.63ms
INFO:tornado.access:200 POST /events (::1) 0.73ms
INFO:tornado.access:200 POST /win_exists (::1) 0.48ms
INFO:tornado.access:200 POST /update (::1) 1.29ms
INFO:tornado.access:200 POST /events (::1) 0.93ms
INFO:tornado.access:200 POST /events (::1) 0.82ms
INFO:tornado.access:200 POST /win_exists (::1) 0.57ms
INFO:tornado.access:200 POST /update (::1) 1.20ms
INFO:tornado.access:200 POST /events (::1) 1.02ms
INFO:tornado.access:200 POST /events (::1) 0.72ms
INFO:tornado.access:200 POST /win_exists (::1) 0.62ms
INFO:tornado.access:200 POST /update (::1) 1.45ms
INFO:tornado.access:200 POST /events (::1) 1.02ms
INFO:tornado.access:200 POST /events (::1) 0.81ms
INFO:tornado.access:200 POST /win_exists (::1) 6.16ms
INFO:tornado.access:200 POST /update (::1) 2.35ms
INFO:tornado.access:200 POST /events (::1) 4.28ms
INFO:tornado.access:200 POST /events (::1) 0.81ms
INFO:tornado.access:200 POST /win_exists (::1) 0.61ms
INFO:tornado.access:200 POST /update (::1) 1.74ms
INFO:tornado.access:200 POST /events (::1) 1.16ms
INFO:tornado.access:200 POST /events (::1) 0.78ms
INFO:tornado.access:200 POST /win_exists (::1) 0.58ms
INFO:tornado.access:200 POST /update (::1) 1.21ms
INFO:tornado.access:200 POST /events (::1) 0.85ms
INFO:tornado.access:200 POST /events (::1) 0.78ms
INFO:tornado.access:200 POST /win_exists (::1) 0.59ms
INFO:tornado.access:200 POST /update (::1) 1.20ms
INFO:tornado.access:200 POST /events (::1) 0.81ms
INFO:tornado.access:200 POST /events (::1) 0.73ms
INFO:tornado.access:200 POST /win_exists (::1) 6.61ms
INFO:tornado.access:200 POST /update (::1) 2.86ms
INFO:tornado.access:200 POST /events (::1) 3.91ms
INFO:tornado.access:200 POST /events (::1) 0.83ms
INFO:tornado.access:200 POST /win_exists (::1) 0.78ms
INFO:tornado.access:200 POST /update (::1) 1.25ms
INFO:tornado.access:200 POST /events (::1) 1.22ms
INFO:tornado.access:200 POST /events (::1) 0.73ms
INFO:tornado.access:200 POST /win_exists (::1) 0.59ms
INFO:tornado.access:200 POST /update (::1) 1.30ms
INFO:tornado.access:200 POST /events (::1) 0.80ms
INFO:tornado.access:200 POST /events (::1) 0.72ms
INFO:tornado.access:200 POST /win_exists (::1) 0.60ms
INFO:tornado.access:200 POST /update (::1) 1.16ms
INFO:tornado.access:200 POST /events (::1) 1.46ms
INFO:tornado.access:200 POST /events (::1) 0.77ms
INFO:tornado.access:200 POST /win_exists (::1) 4.94ms
INFO:tornado.access:200 POST /update (::1) 1.84ms
INFO:tornado.access:200 POST /events (::1) 1.51ms
INFO:tornado.access:200 POST /events (::1) 0.86ms
INFO:tornado.access:200 POST /win_exists (::1) 0.59ms
INFO:tornado.access:200 POST /update (::1) 0.96ms
INFO:tornado.access:200 POST /events (::1) 1.23ms
INFO:tornado.access:200 POST /events (::1) 0.72ms
INFO:tornado.access:200 POST /win_exists (::1) 0.57ms
INFO:tornado.access:200 POST /update (::1) 0.91ms
INFO:tornado.access:200 POST /events (::1) 2.17ms
INFO:tornado.access:200 POST /events (::1) 1.12ms
INFO:tornado.access:200 POST /win_exists (::1) 6.02ms
INFO:tornado.access:200 POST /update (::1) 2.41ms
INFO:tornado.access:200 POST /events (::1) 2.08ms
INFO:tornado.access:200 POST /events (::1) 0.91ms
INFO:tornado.access:200 POST /win_exists (::1) 0.60ms
INFO:tornado.access:200 POST /update (::1) 1.23ms
INFO:tornado.access:200 POST /events (::1) 1.05ms
INFO:tornado.access:200 POST /events (::1) 0.75ms
INFO:tornado.access:200 POST /win_exists (::1) 0.58ms
INFO:tornado.access:200 POST /update (::1) 1.03ms
INFO:tornado.access:200 POST /events (::1) 1.09ms
INFO:tornado.access:200 POST /events (::1) 0.84ms
INFO:tornado.access:200 POST /win_exists (::1) 5.35ms
INFO:tornado.access:200 POST /update (::1) 2.28ms
INFO:tornado.access:200 POST /events (::1) 1.74ms
INFO:tornado.access:200 POST /events (::1) 0.84ms
INFO:tornado.access:200 POST /win_exists (::1) 0.61ms
INFO:tornado.access:200 POST /update (::1) 1.22ms
INFO:tornado.access:200 POST /events (::1) 5.53ms
INFO:tornado.access:200 POST /events (::1) 1.09ms
INFO:tornado.access:200 POST /win_exists (::1) 4.33ms
INFO:tornado.access:200 POST /update (::1) 2.41ms
INFO:tornado.access:200 POST /events (::1) 1.89ms
INFO:tornado.access:200 POST /events (::1) 0.80ms
INFO:tornado.access:200 POST /win_exists (::1) 0.58ms
INFO:tornado.access:200 POST /update (::1) 1.35ms
INFO:tornado.access:200 POST /events (::1) 1.01ms
INFO:tornado.access:200 POST /events (::1) 0.78ms
INFO:tornado.access:200 POST /win_exists (::1) 0.57ms
INFO:tornado.access:200 POST /update (::1) 0.91ms
INFO:tornado.access:200 POST /events (::1) 1.09ms
INFO:tornado.access:200 POST /events (::1) 0.75ms
INFO:tornado.access:200 POST /win_exists (::1) 4.56ms
INFO:tornado.access:200 POST /update (::1) 2.31ms
INFO:tornado.access:200 POST /events (::1) 3.05ms
INFO:tornado.access:200 POST /events (::1) 0.75ms
INFO:tornado.access:200 POST /win_exists (::1) 0.69ms
INFO:tornado.access:200 POST /update (::1) 1.71ms
INFO:tornado.access:200 POST /events (::1) 1.63ms
INFO:tornado.access:200 POST /events (::1) 0.85ms
INFO:tornado.access:200 POST /win_exists (::1) 0.57ms
INFO:tornado.access:200 POST /update (::1) 0.99ms
INFO:tornado.access:200 POST /events (::1) 1.10ms
INFO:tornado.access:200 POST /events (::1) 0.79ms
INFO:tornado.access:200 POST /win_exists (::1) 4.62ms
INFO:tornado.access:200 POST /update (::1) 1.89ms
INFO:tornado.access:200 POST /events (::1) 2.94ms
INFO:tornado.access:200 POST /events (::1) 0.96ms
INFO:tornado.access:200 POST /win_exists (::1) 0.58ms
INFO:tornado.access:200 POST /update (::1) 0.96ms
INFO:tornado.access:200 POST /events (::1) 1.21ms
INFO:tornado.access:200 POST /events (::1) 0.83ms
INFO:tornado.access:200 POST /win_exists (::1) 0.71ms
INFO:tornado.access:200 POST /update (::1) 1.36ms
INFO:tornado.access:200 POST /events (::1) 1.18ms
INFO:tornado.access:200 POST /events (::1) 0.80ms
INFO:tornado.access:200 POST /win_exists (::1) 5.37ms
INFO:tornado.access:200 POST /update (::1) 2.62ms
INFO:tornado.access:200 POST /events (::1) 2.18ms
INFO:tornado.access:200 POST /events (::1) 0.76ms
INFO:tornado.access:200 POST /win_exists (::1) 0.48ms
INFO:tornado.access:200 POST /update (::1) 1.05ms
INFO:tornado.access:200 POST /events (::1) 1.32ms
INFO:tornado.access:200 POST /events (::1) 0.75ms
INFO:tornado.access:200 POST /win_exists (::1) 0.72ms
INFO:tornado.access:200 POST /update (::1) 1.35ms
INFO:tornado.access:200 POST /events (::1) 2.23ms
INFO:tornado.access:200 POST /events (::1) 0.77ms
INFO:tornado.access:200 POST /win_exists (::1) 0.58ms
INFO:tornado.access:200 POST /update (::1) 1.41ms
INFO:tornado.access:200 POST /events (::1) 1.19ms
INFO:tornado.access:200 POST /events (::1) 0.79ms
INFO:tornado.access:200 POST /win_exists (::1) 0.47ms
INFO:tornado.access:200 POST /update (::1) 0.99ms
INFO:tornado.access:200 POST /events (::1) 1.24ms
INFO:tornado.access:200 POST /events (::1) 0.85ms
INFO:tornado.access:200 POST /win_exists (::1) 5.27ms
INFO:tornado.access:200 POST /update (::1) 1.93ms
INFO:tornado.access:200 POST /events (::1) 1.57ms
INFO:tornado.access:200 POST /events (::1) 1.45ms
INFO:tornado.access:200 POST /win_exists (::1) 0.58ms
INFO:tornado.access:200 POST /update (::1) 1.24ms
INFO:tornado.access:200 POST /events (::1) 1.10ms
INFO:tornado.access:200 POST /events (::1) 0.75ms
INFO:tornado.access:200 POST /win_exists (::1) 0.58ms
INFO:tornado.access:200 POST /update (::1) 0.94ms
INFO:tornado.access:200 POST /events (::1) 1.04ms
INFO:tornado.access:200 POST /events (::1) 0.85ms
INFO:tornado.access:200 POST /win_exists (::1) 5.31ms
INFO:tornado.access:200 POST /update (::1) 1.94ms
INFO:tornado.access:200 POST /events (::1) 1.89ms
INFO:tornado.access:200 POST /events (::1) 0.76ms
INFO:tornado.access:200 POST /win_exists (::1) 0.59ms
INFO:tornado.access:200 POST /update (::1) 1.36ms
INFO:tornado.access:200 POST /events (::1) 0.90ms
INFO:tornado.access:200 POST /events (::1) 0.81ms
INFO:tornado.access:200 POST /win_exists (::1) 0.57ms
INFO:tornado.access:200 POST /update (::1) 1.41ms
INFO:tornado.access:200 POST /events (::1) 2.58ms
INFO:tornado.access:200 POST /events (::1) 1.08ms
INFO:tornado.access:200 POST /win_exists (::1) 5.68ms
INFO:tornado.access:200 POST /update (::1) 2.48ms
INFO:tornado.access:200 POST /events (::1) 1.70ms
INFO:tornado.access:200 POST /events (::1) 0.92ms
INFO:tornado.access:200 POST /win_exists (::1) 0.58ms
INFO:tornado.access:200 POST /update (::1) 0.98ms
INFO:tornado.access:200 POST /events (::1) 1.03ms
INFO:tornado.access:200 POST /events (::1) 1.02ms
INFO:tornado.access:200 POST /win_exists (::1) 0.58ms
INFO:tornado.access:200 POST /update (::1) 1.01ms
INFO:tornado.access:200 POST /events (::1) 0.96ms
INFO:tornado.access:200 POST /events (::1) 1.21ms
INFO:tornado.access:200 POST /win_exists (::1) 4.97ms
INFO:tornado.access:200 POST /update (::1) 2.86ms
INFO:tornado.access:200 POST /events (::1) 1.79ms
INFO:tornado.access:200 POST /events (::1) 1.08ms
INFO:tornado.access:200 POST /win_exists (::1) 0.59ms
INFO:tornado.access:200 POST /update (::1) 0.95ms
INFO:tornado.access:200 POST /events (::1) 1.03ms
INFO:tornado.access:200 POST /events (::1) 1.10ms
INFO:tornado.access:200 POST /win_exists (::1) 0.87ms
INFO:tornado.access:200 POST /update (::1) 2.46ms
INFO:tornado.access:200 POST /events (::1) 1.30ms
INFO:tornado.access:200 POST /events (::1) 0.73ms
INFO:tornado.access:200 POST /win_exists (::1) 0.79ms
INFO:tornado.access:200 POST /update (::1) 1.93ms
INFO:tornado.access:200 POST /events (::1) 1.71ms
INFO:tornado.access:200 POST /events (::1) 0.83ms
INFO:tornado.access:200 POST /win_exists (::1) 5.64ms
INFO:tornado.access:200 POST /update (::1) 1.91ms
INFO:tornado.access:200 POST /events (::1) 1.84ms
INFO:tornado.access:200 POST /events (::1) 0.85ms
INFO:tornado.access:200 POST /win_exists (::1) 0.46ms
INFO:tornado.access:200 POST /update (::1) 1.04ms
INFO:tornado.access:200 POST /events (::1) 1.08ms
INFO:tornado.access:200 POST /events (::1) 0.93ms
INFO:tornado.access:200 POST /win_exists (::1) 4.80ms
INFO:tornado.access:200 POST /update (::1) 2.36ms
INFO:tornado.access:200 POST /events (::1) 2.04ms
INFO:tornado.access:200 POST /events (::1) 0.97ms
INFO:tornado.access:200 POST /win_exists (::1) 0.57ms
INFO:tornado.access:200 POST /update (::1) 1.09ms
INFO:tornado.access:200 POST /events (::1) 1.25ms
INFO:tornado.access:200 POST /events (::1) 0.76ms
INFO:tornado.access:200 POST /win_exists (::1) 0.60ms
INFO:tornado.access:200 POST /update (::1) 1.04ms
INFO:tornado.access:200 POST /events (::1) 1.01ms
INFO:tornado.access:200 POST /events (::1) 0.86ms
INFO:tornado.access:200 POST /win_exists (::1) 5.47ms
INFO:tornado.access:200 POST /update (::1) 2.63ms
INFO:tornado.access:200 POST /events (::1) 2.24ms
INFO:tornado.access:200 POST /events (::1) 0.84ms
INFO:tornado.access:200 POST /win_exists (::1) 5.25ms
INFO:tornado.access:200 POST /update (::1) 2.44ms
INFO:tornado.access:200 POST /events (::1) 1.74ms
INFO:tornado.access:200 POST /events (::1) 0.80ms
INFO:tornado.access:200 POST /win_exists (::1) 0.59ms
INFO:tornado.access:200 POST /update (::1) 0.99ms
INFO:tornado.access:200 POST /events (::1) 2.31ms
INFO:tornado.access:200 POST /events (::1) 0.85ms
INFO:tornado.access:200 POST /win_exists (::1) 0.54ms
INFO:tornado.access:200 POST /update (::1) 1.53ms
INFO:tornado.access:200 POST /events (::1) 1.64ms
INFO:tornado.access:200 POST /events (::1) 0.83ms
INFO:tornado.access:200 POST /win_exists (::1) 0.46ms
INFO:tornado.access:200 POST /update (::1) 1.25ms
INFO:tornado.access:200 POST /events (::1) 0.97ms
INFO:tornado.access:200 POST /events (::1) 0.86ms
INFO:tornado.access:200 POST /win_exists (::1) 5.34ms
INFO:tornado.access:200 POST /update (::1) 2.43ms
INFO:tornado.access:200 POST /events (::1) 1.73ms
INFO:tornado.access:200 POST /events (::1) 3.40ms
INFO:tornado.access:200 POST /win_exists (::1) 0.46ms
INFO:tornado.access:200 POST /update (::1) 1.29ms
INFO:tornado.access:200 POST /events (::1) 2.25ms
INFO:tornado.access:200 POST /events (::1) 0.80ms
INFO:tornado.access:200 POST /win_exists (::1) 6.48ms
INFO:tornado.access:200 POST /update (::1) 2.78ms
INFO:tornado.access:200 POST /events (::1) 1.80ms
INFO:tornado.access:200 POST /events (::1) 0.73ms
INFO:tornado.access:200 POST /win_exists (::1) 0.63ms
INFO:tornado.access:200 POST /update (::1) 1.39ms
INFO:tornado.access:200 POST /events (::1) 1.21ms
INFO:tornado.access:200 POST /events (::1) 0.81ms
INFO:tornado.access:200 POST /win_exists (::1) 5.24ms
INFO:tornado.access:200 POST /update (::1) 2.78ms
INFO:tornado.access:200 POST /events (::1) 1.36ms
INFO:tornado.access:200 POST /events (::1) 0.85ms
INFO:tornado.access:200 POST /win_exists (::1) 0.46ms
INFO:tornado.access:200 POST /update (::1) 1.36ms
INFO:tornado.access:200 POST /events (::1) 2.21ms
INFO:tornado.access:200 POST /events (::1) 0.84ms
INFO:tornado.access:200 POST /win_exists (::1) 5.30ms
INFO:tornado.access:200 POST /update (::1) 1.93ms
INFO:tornado.access:200 POST /events (::1) 1.91ms
INFO:tornado.access:200 POST /events (::1) 0.83ms
INFO:tornado.access:200 POST /win_exists (::1) 0.57ms
INFO:tornado.access:200 POST /update (::1) 1.34ms
INFO:tornado.access:200 POST /events (::1) 3.63ms
INFO:tornado.access:200 POST /events (::1) 0.76ms
INFO:tornado.access:200 POST /win_exists (::1) 4.32ms
INFO:tornado.access:200 POST /update (::1) 1.95ms
INFO:tornado.access:200 POST /events (::1) 1.83ms
INFO:tornado.access:200 POST /events (::1) 0.78ms
INFO:tornado.access:200 POST /win_exists (::1) 0.69ms
INFO:tornado.access:200 POST /update (::1) 1.47ms
INFO:tornado.access:200 POST /events (::1) 2.57ms
INFO:tornado.access:200 POST /events (::1) 0.76ms
INFO:tornado.access:200 POST /win_exists (::1) 5.74ms
INFO:tornado.access:200 POST /update (::1) 2.45ms
INFO:tornado.access:200 POST /events (::1) 1.68ms
INFO:tornado.access:200 POST /events (::1) 0.81ms
INFO:tornado.access:200 POST /win_exists (::1) 0.61ms
INFO:tornado.access:200 POST /update (::1) 1.56ms
INFO:tornado.access:200 POST /events (::1) 1.51ms
INFO:tornado.access:200 POST /events (::1) 0.81ms
INFO:tornado.access:200 POST /win_exists (::1) 0.56ms
INFO:tornado.access:200 POST /update (::1) 1.27ms
INFO:tornado.access:200 POST /events (::1) 1.37ms
INFO:tornado.access:200 POST /events (::1) 0.77ms
INFO:tornado.access:200 POST /win_exists (::1) 5.22ms
INFO:tornado.access:200 POST /update (::1) 3.76ms
INFO:tornado.access:200 POST /events (::1) 1.86ms
INFO:tornado.access:200 POST /events (::1) 0.79ms
INFO:tornado.access:200 POST /win_exists (::1) 0.58ms
INFO:tornado.access:200 POST /update (::1) 1.11ms
INFO:tornado.access:200 POST /events (::1) 1.19ms
INFO:tornado.access:200 POST /events (::1) 1.47ms
INFO:tornado.access:200 POST /win_exists (::1) 4.92ms
INFO:tornado.access:200 POST /update (::1) 1.96ms
INFO:tornado.access:200 POST /events (::1) 1.81ms
INFO:tornado.access:200 POST /events (::1) 0.98ms
INFO:tornado.access:200 POST /win_exists (::1) 0.61ms
INFO:tornado.access:200 POST /update (::1) 1.41ms
INFO:tornado.access:200 POST /events (::1) 1.79ms
INFO:tornado.access:200 POST /events (::1) 1.08ms
INFO:tornado.access:200 POST /win_exists (::1) 5.35ms
INFO:tornado.access:200 POST /update (::1) 1.95ms
INFO:tornado.access:200 POST /events (::1) 1.94ms
INFO:tornado.access:200 POST /events (::1) 0.92ms
INFO:tornado.access:200 POST /win_exists (::1) 5.37ms
INFO:tornado.access:200 POST /update (::1) 1.98ms
INFO:tornado.access:200 POST /events (::1) 2.98ms
INFO:tornado.access:200 POST /events (::1) 0.83ms
INFO:tornado.access:200 POST /win_exists (::1) 0.59ms
INFO:tornado.access:200 POST /update (::1) 1.00ms
INFO:tornado.access:200 POST /events (::1) 1.14ms
INFO:tornado.access:200 POST /events (::1) 0.78ms
INFO:tornado.access:200 POST /win_exists (::1) 4.27ms
INFO:tornado.access:200 POST /update (::1) 1.96ms
INFO:tornado.access:200 POST /events (::1) 1.97ms
INFO:tornado.access:200 POST /events (::1) 0.74ms
INFO:tornado.access:200 POST /win_exists (::1) 6.46ms
INFO:tornado.access:200 POST /update (::1) 2.55ms
INFO:tornado.access:200 POST /events (::1) 1.89ms
INFO:tornado.access:200 POST /events (::1) 0.89ms
INFO:tornado.access:200 POST /win_exists (::1) 0.67ms
INFO:tornado.access:200 POST /update (::1) 1.71ms
INFO:tornado.access:200 POST /events (::1) 3.37ms
INFO:tornado.access:200 POST /events (::1) 0.74ms
INFO:tornado.access:200 POST /win_exists (::1) 5.31ms
INFO:tornado.access:200 POST /update (::1) 1.96ms
INFO:tornado.access:200 POST /events (::1) 1.77ms
INFO:tornado.access:200 POST /events (::1) 1.28ms
INFO:tornado.access:200 POST /win_exists (::1) 0.62ms
INFO:tornado.access:200 POST /update (::1) 1.34ms
INFO:tornado.access:200 POST /events (::1) 1.13ms
INFO:tornado.access:200 POST /events (::1) 0.78ms
INFO:tornado.access:200 POST /win_exists (::1) 5.17ms
INFO:tornado.access:200 POST /update (::1) 1.95ms
INFO:tornado.access:200 POST /events (::1) 2.69ms
INFO:tornado.access:200 POST /events (::1) 1.44ms
INFO:tornado.access:200 POST /win_exists (::1) 0.58ms
INFO:tornado.access:200 POST /update (::1) 2.13ms
INFO:tornado.access:200 POST /events (::1) 1.43ms
INFO:tornado.access:200 POST /events (::1) 0.83ms
INFO:tornado.access:200 POST /win_exists (::1) 5.23ms
INFO:tornado.access:200 POST /update (::1) 2.98ms
INFO:tornado.access:200 POST /events (::1) 3.51ms
INFO:tornado.access:200 POST /events (::1) 0.85ms
INFO:tornado.access:200 POST /win_exists (::1) 0.88ms
INFO:tornado.access:200 POST /update (::1) 1.80ms
INFO:tornado.access:200 POST /events (::1) 1.39ms
INFO:tornado.access:200 POST /events (::1) 0.90ms
INFO:tornado.access:200 POST /win_exists (::1) 4.32ms
INFO:tornado.access:200 POST /update (::1) 1.99ms
INFO:tornado.access:200 POST /events (::1) 3.78ms
INFO:tornado.access:200 POST /events (::1) 0.88ms
INFO:tornado.access:200 POST /win_exists (::1) 0.57ms
INFO:tornado.access:200 POST /update (::1) 1.12ms
INFO:tornado.access:200 POST /events (::1) 1.19ms
INFO:tornado.access:200 POST /events (::1) 0.76ms
INFO:tornado.access:200 POST /win_exists (::1) 5.23ms
INFO:tornado.access:200 POST /update (::1) 2.00ms
INFO:tornado.access:200 POST /events (::1) 1.47ms
INFO:tornado.access:200 POST /events (::1) 0.77ms
INFO:tornado.access:200 POST /win_exists (::1) 0.57ms
INFO:tornado.access:200 POST /update (::1) 1.01ms
INFO:tornado.access:200 POST /events (::1) 1.03ms
INFO:tornado.access:200 POST /events (::1) 0.77ms
INFO:tornado.access:200 POST /win_exists (::1) 5.29ms
INFO:tornado.access:200 POST /update (::1) 2.69ms
INFO:tornado.access:200 POST /events (::1) 1.90ms
INFO:tornado.access:200 POST /events (::1) 0.73ms
INFO:tornado.access:200 POST /win_exists (::1) 0.46ms
INFO:tornado.access:200 POST /update (::1) 1.03ms
INFO:tornado.access:200 POST /events (::1) 1.17ms
INFO:tornado.access:200 POST /events (::1) 0.73ms
INFO:tornado.access:200 POST /win_exists (::1) 6.29ms
INFO:tornado.access:200 POST /update (::1) 2.07ms
INFO:tornado.access:200 POST /events (::1) 1.87ms
INFO:tornado.access:200 POST /events (::1) 0.72ms
INFO:tornado.access:200 POST /win_exists (::1) 0.57ms
INFO:tornado.access:200 POST /update (::1) 0.99ms
INFO:tornado.access:200 POST /events (::1) 1.04ms
INFO:tornado.access:200 POST /events (::1) 0.76ms
INFO:tornado.access:200 POST /win_exists (::1) 0.56ms
INFO:tornado.access:200 POST /update (::1) 0.99ms
INFO:tornado.access:200 POST /events (::1) 0.87ms
INFO:tornado.access:200 POST /events (::1) 0.82ms
INFO:tornado.access:200 POST /win_exists (::1) 5.44ms
INFO:tornado.access:200 POST /update (::1) 2.04ms
INFO:tornado.access:200 POST /events (::1) 1.83ms
INFO:tornado.access:200 POST /events (::1) 0.77ms
INFO:tornado.access:200 POST /win_exists (::1) 0.61ms
INFO:tornado.access:200 POST /update (::1) 1.34ms
INFO:tornado.access:200 POST /events (::1) 2.25ms
INFO:tornado.access:200 POST /events (::1) 0.82ms
INFO:tornado.access:200 POST /win_exists (::1) 5.39ms
INFO:tornado.access:200 POST /update (::1) 2.46ms
INFO:tornado.access:200 POST /events (::1) 1.96ms
INFO:tornado.access:200 POST /events (::1) 0.85ms
INFO:tornado.access:200 POST /win_exists (::1) 0.59ms
INFO:tornado.access:200 POST /update (::1) 1.71ms
INFO:tornado.access:200 POST /events (::1) 1.18ms
INFO:tornado.access:200 POST /events (::1) 0.76ms
INFO:tornado.access:200 POST /win_exists (::1) 5.45ms
INFO:tornado.access:200 POST /update (::1) 2.17ms
INFO:tornado.access:200 POST /events (::1) 1.77ms
INFO:tornado.access:200 POST /events (::1) 0.78ms
INFO:tornado.access:200 POST /win_exists (::1) 0.57ms
INFO:tornado.access:200 POST /update (::1) 1.36ms
INFO:tornado.access:200 POST /events (::1) 2.77ms
INFO:tornado.access:200 POST /events (::1) 0.80ms
INFO:tornado.access:200 POST /win_exists (::1) 6.00ms
INFO:tornado.access:200 POST /update (::1) 2.08ms
INFO:tornado.access:200 POST /events (::1) 2.88ms
INFO:tornado.access:200 POST /events (::1) 1.12ms
INFO:tornado.access:200 POST /win_exists (::1) 0.79ms
INFO:tornado.access:200 POST /update (::1) 1.17ms
INFO:tornado.access:200 POST /events (::1) 3.91ms
INFO:tornado.access:200 POST /events (::1) 0.74ms
INFO:tornado.access:200 POST /win_exists (::1) 0.62ms
INFO:tornado.access:200 POST /update (::1) 1.50ms
INFO:tornado.access:200 POST /events (::1) 2.33ms
INFO:tornado.access:200 POST /events (::1) 1.40ms
INFO:tornado.access:200 POST /win_exists (::1) 4.37ms
INFO:tornado.access:200 POST /update (::1) 3.59ms
INFO:tornado.access:200 POST /events (::1) 3.77ms
INFO:tornado.access:200 POST /events (::1) 0.81ms
INFO:tornado.access:200 POST /win_exists (::1) 0.58ms
INFO:tornado.access:200 POST /update (::1) 1.11ms
INFO:tornado.access:200 POST /events (::1) 2.43ms
INFO:tornado.access:200 POST /events (::1) 0.84ms
INFO:tornado.access:200 POST /win_exists (::1) 0.73ms
INFO:tornado.access:200 POST /update (::1) 1.46ms
INFO:tornado.access:200 POST /events (::1) 2.28ms
INFO:tornado.access:200 POST /events (::1) 0.81ms
INFO:tornado.access:200 POST /win_exists (::1) 0.61ms
INFO:tornado.access:200 POST /update (::1) 1.18ms
INFO:tornado.access:200 POST /events (::1) 1.34ms
INFO:tornado.access:200 POST /events (::1) 0.78ms
INFO:tornado.access:200 POST /win_exists (::1) 4.41ms
INFO:tornado.access:200 POST /update (::1) 2.25ms
INFO:tornado.access:200 POST /events (::1) 1.80ms
INFO:tornado.access:200 POST /events (::1) 0.96ms
INFO:tornado.access:200 POST /win_exists (::1) 0.63ms
INFO:tornado.access:200 POST /update (::1) 1.76ms
INFO:tornado.access:200 POST /events (::1) 1.59ms
INFO:tornado.access:200 POST /events (::1) 0.82ms
INFO:tornado.access:200 POST /win_exists (::1) 0.57ms
INFO:tornado.access:200 POST /update (::1) 1.01ms
INFO:tornado.access:200 POST /events (::1) 1.02ms
INFO:tornado.access:200 POST /events (::1) 0.78ms
INFO:tornado.access:200 POST /win_exists (::1) 4.39ms
INFO:tornado.access:200 POST /update (::1) 2.96ms
INFO:tornado.access:200 POST /events (::1) 4.27ms
INFO:tornado.access:200 POST /events (::1) 0.75ms
INFO:tornado.access:200 POST /win_exists (::1) 0.57ms
INFO:tornado.access:200 POST /update (::1) 1.07ms
INFO:tornado.access:200 POST /events (::1) 1.04ms
INFO:tornado.access:200 POST /events (::1) 9.26ms
INFO:tornado.access:200 POST /win_exists (::1) 5.21ms
INFO:tornado.access:200 POST /update (::1) 2.32ms
INFO:tornado.access:200 POST /events (::1) 1.47ms
INFO:tornado.access:200 POST /events (::1) 0.83ms
INFO:tornado.access:200 POST /win_exists (::1) 0.57ms
INFO:tornado.access:200 POST /update (::1) 1.41ms
INFO:tornado.access:200 POST /events (::1) 1.07ms
INFO:tornado.access:200 POST /events (::1) 0.76ms
INFO:tornado.access:200 POST /win_exists (::1) 5.31ms
INFO:tornado.access:200 POST /update (::1) 2.66ms
INFO:tornado.access:200 POST /events (::1) 2.27ms
INFO:tornado.access:200 POST /events (::1) 0.96ms
INFO:tornado.access:200 POST /win_exists (::1) 0.59ms
INFO:tornado.access:200 POST /update (::1) 1.67ms
INFO:tornado.access:200 POST /events (::1) 0.91ms
INFO:tornado.access:200 POST /events (::1) 0.80ms
INFO:tornado.access:200 POST /win_exists (::1) 0.59ms
INFO:tornado.access:200 POST /update (::1) 1.54ms
INFO:tornado.access:200 POST /events (::1) 1.52ms
INFO:tornado.access:200 POST /events (::1) 0.79ms
INFO:tornado.access:200 POST /win_exists (::1) 0.58ms
INFO:tornado.access:200 POST /update (::1) 1.03ms
INFO:tornado.access:200 POST /events (::1) 1.11ms
INFO:tornado.access:200 POST /events (::1) 0.76ms
INFO:tornado.access:200 POST /win_exists (::1) 0.57ms
INFO:tornado.access:200 POST /update (::1) 1.07ms
INFO:tornado.access:200 POST /events (::1) 1.16ms
INFO:tornado.access:200 POST /events (::1) 1.27ms
INFO:tornado.access:200 POST /win_exists (::1) 4.90ms
INFO:tornado.access:200 POST /update (::1) 3.59ms
INFO:tornado.access:200 POST /events (::1) 3.35ms
INFO:tornado.access:200 POST /events (::1) 0.85ms
INFO:tornado.access:200 POST /env/poetry (::1) 6.83ms
